빌드 시작: 2015-06-15 오전 12:35:09
     1>2 노드의 "C:\Users\Administrator\Desktop\융캡\tightvnc-2.7.10\tvnserver-app\tvnserver-app.vcxproj" 프로젝트(Rebuild 대상)입니다.
     1>ClCompile:
         C:\Program Files (x86)\Microsoft Visual Studio 12.0\VC\bin\x86_amd64\CL.exe /c /I.. /Zi /nologo /W3 /WX- /Od /D WIN32 /D _DEBUG /D _LIB /D _UNICODE /D UNICODE /Gm /EHsc /RTC1 /MTd /GS /fp:precise /Zc:wchar_t /Zc:forScope /Fo"C:\Users\Administrator\Desktop\융캡\tightvnc-2.7.10\x64\Debug\tvnserver-app\\" /Fd"C:\Users\Administrator\Desktop\융캡\tightvnc-2.7.10\x64\Debug\tvnserver-app\vc120.pdb" /Gd /TP /errorReport:prompt AdditionalActionApplication.cpp AuthTracker.cpp ConnectToTcpDispatcherThread.cpp ControlAppAuthenticator.cpp ControlClient.cpp ControlServer.cpp CrashHook.cpp DesktopServerApplication.cpp DesktopServerCommandLine.cpp ExtraRfbServers.cpp NamingDefs.cpp OutgoingRfbConnectionThread.cpp QueryConnectionApplication.cpp QueryConnectionCommandLine.cpp QueryConnectionDialog.cpp RfbClientManager.cpp RfbClientManagerEventListener.cpp RfbServer.cpp ServerCommandLine.cpp ServiceControlApplication.cpp ServiceControlCommandLine.cpp SessionChangesWatcher.cpp TvnServer.cpp TvnServerApplication.cpp TvnServerHelp.cpp TvnServerListener.cpp TvnService.cpp WinEventLogWriter.cpp WsConfigRunner.cpp
         WsConfigRunner.cpp
         WinEventLogWriter.cpp
         TvnService.cpp
         TvnServerListener.cpp
         TvnServerHelp.cpp
         TvnServerApplication.cpp
         TvnServer.cpp
         SessionChangesWatcher.cpp
         ServiceControlCommandLine.cpp
         ServiceControlApplication.cpp
         ServerCommandLine.cpp
         RfbServer.cpp
         RfbClientManagerEventListener.cpp
         RfbClientManager.cpp
         QueryConnectionDialog.cpp
         QueryConnectionCommandLine.cpp
         QueryConnectionApplication.cpp
         OutgoingRfbConnectionThread.cpp
         NamingDefs.cpp
         ExtraRfbServers.cpp
         코드를 생성하고 있습니다...
         컴파일하고 있습니다...
         DesktopServerCommandLine.cpp
         DesktopServerApplication.cpp
         CrashHook.cpp
         ControlServer.cpp
         ControlClient.cpp
         ControlAppAuthenticator.cpp
         ConnectToTcpDispatcherThread.cpp
         AuthTracker.cpp
         AdditionalActionApplication.cpp
         코드를 생성하고 있습니다...
       Lib:
         C:\Program Files (x86)\Microsoft Visual Studio 12.0\VC\bin\x86_amd64\Lib.exe /OUT:"C:\Users\Administrator\Desktop\융캡\tightvnc-2.7.10\x64\Debug\tvnserver-app.lib" /NOLOGO /MACHINE:X64 "C:\Users\Administrator\Desktop\융캡\tightvnc-2.7.10\x64\Debug\tvnserver-app\AdditionalActionApplication.obj"
         "C:\Users\Administrator\Desktop\융캡\tightvnc-2.7.10\x64\Debug\tvnserver-app\AuthTracker.obj"
         "C:\Users\Administrator\Desktop\융캡\tightvnc-2.7.10\x64\Debug\tvnserver-app\ConnectToTcpDispatcherThread.obj"
         "C:\Users\Administrator\Desktop\융캡\tightvnc-2.7.10\x64\Debug\tvnserver-app\ControlAppAuthenticator.obj"
         "C:\Users\Administrator\Desktop\융캡\tightvnc-2.7.10\x64\Debug\tvnserver-app\ControlClient.obj"
         "C:\Users\Administrator\Desktop\융캡\tightvnc-2.7.10\x64\Debug\tvnserver-app\ControlServer.obj"
         "C:\Users\Administrator\Desktop\융캡\tightvnc-2.7.10\x64\Debug\tvnserver-app\CrashHook.obj"
         "C:\Users\Administrator\Desktop\융캡\tightvnc-2.7.10\x64\Debug\tvnserver-app\DesktopServerApplication.obj"
         "C:\Users\Administrator\Desktop\융캡\tightvnc-2.7.10\x64\Debug\tvnserver-app\DesktopServerCommandLine.obj"
         "C:\Users\Administrator\Desktop\융캡\tightvnc-2.7.10\x64\Debug\tvnserver-app\ExtraRfbServers.obj"
         "C:\Users\Administrator\Desktop\융캡\tightvnc-2.7.10\x64\Debug\tvnserver-app\NamingDefs.obj"
         "C:\Users\Administrator\Desktop\융캡\tightvnc-2.7.10\x64\Debug\tvnserver-app\OutgoingRfbConnectionThread.obj"
         "C:\Users\Administrator\Desktop\융캡\tightvnc-2.7.10\x64\Debug\tvnserver-app\QueryConnectionApplication.obj"
         "C:\Users\Administrator\Desktop\융캡\tightvnc-2.7.10\x64\Debug\tvnserver-app\QueryConnectionCommandLine.obj"
         "C:\Users\Administrator\Desktop\융캡\tightvnc-2.7.10\x64\Debug\tvnserver-app\QueryConnectionDialog.obj"
         "C:\Users\Administrator\Desktop\융캡\tightvnc-2.7.10\x64\Debug\tvnserver-app\RfbClientManager.obj"
         "C:\Users\Administrator\Desktop\융캡\tightvnc-2.7.10\x64\Debug\tvnserver-app\RfbClientManagerEventListener.obj"
         "C:\Users\Administrator\Desktop\융캡\tightvnc-2.7.10\x64\Debug\tvnserver-app\RfbServer.obj"
         "C:\Users\Administrator\Desktop\융캡\tightvnc-2.7.10\x64\Debug\tvnserver-app\ServerCommandLine.obj"
         "C:\Users\Administrator\Desktop\융캡\tightvnc-2.7.10\x64\Debug\tvnserver-app\ServiceControlApplication.obj"
         "C:\Users\Administrator\Desktop\융캡\tightvnc-2.7.10\x64\Debug\tvnserver-app\ServiceControlCommandLine.obj"
         "C:\Users\Administrator\Desktop\융캡\tightvnc-2.7.10\x64\Debug\tvnserver-app\SessionChangesWatcher.obj"
         "C:\Users\Administrator\Desktop\융캡\tightvnc-2.7.10\x64\Debug\tvnserver-app\TvnServer.obj"
         "C:\Users\Administrator\Desktop\융캡\tightvnc-2.7.10\x64\Debug\tvnserver-app\TvnServerApplication.obj"
         "C:\Users\Administrator\Desktop\융캡\tightvnc-2.7.10\x64\Debug\tvnserver-app\TvnServerHelp.obj"
         "C:\Users\Administrator\Desktop\융캡\tightvnc-2.7.10\x64\Debug\tvnserver-app\TvnServerListener.obj"
         "C:\Users\Administrator\Desktop\융캡\tightvnc-2.7.10\x64\Debug\tvnserver-app\TvnService.obj"
         "C:\Users\Administrator\Desktop\융캡\tightvnc-2.7.10\x64\Debug\tvnserver-app\WinEventLogWriter.obj"
         "C:\Users\Administrator\Desktop\융캡\tightvnc-2.7.10\x64\Debug\tvnserver-app\WsConfigRunner.obj"
         tvnserver-app.vcxproj -> C:\Users\Administrator\Desktop\융캡\tightvnc-2.7.10\x64\Debug\tvnserver-app.lib
     1>"C:\Users\Administrator\Desktop\융캡\tightvnc-2.7.10\tvnserver-app\tvnserver-app.vcxproj" 프로젝트를 빌드했습니다(Rebuild 대상).

빌드했습니다.

경과 시간: 00:00:45.64
