c:\users\administrator\desktop\융캡\tightvnc-2.7.10\x64\debug\wsconfig-lib\vc120.pdb
c:\users\administrator\desktop\융캡\tightvnc-2.7.10\x64\debug\wsconfig-lib\vc120.idb
c:\users\administrator\desktop\융캡\tightvnc-2.7.10\x64\debug\wsconfig-lib\administrationconfigdialog.obj
c:\users\administrator\desktop\융캡\tightvnc-2.7.10\x64\debug\wsconfig-lib\changepassworddialog.obj
c:\users\administrator\desktop\융캡\tightvnc-2.7.10\x64\debug\wsconfig-lib\commoninputvalidation.obj
c:\users\administrator\desktop\융캡\tightvnc-2.7.10\x64\debug\wsconfig-lib\configdialog.obj
c:\users\administrator\desktop\융캡\tightvnc-2.7.10\x64\debug\wsconfig-lib\editipaccessruledialog.obj
c:\users\administrator\desktop\융캡\tightvnc-2.7.10\x64\debug\wsconfig-lib\editportmappingdialog.obj
c:\users\administrator\desktop\융캡\tightvnc-2.7.10\x64\debug\wsconfig-lib\ipaccesscontroldialog.obj
c:\users\administrator\desktop\융캡\tightvnc-2.7.10\x64\debug\wsconfig-lib\passwordcontrol.obj
c:\users\administrator\desktop\융캡\tightvnc-2.7.10\x64\debug\wsconfig-lib\portmappingdialog.obj
c:\users\administrator\desktop\융캡\tightvnc-2.7.10\x64\debug\wsconfig-lib\serverconfigdialog.obj
c:\users\administrator\desktop\융캡\tightvnc-2.7.10\x64\debug\wsconfig-lib\tvnlogfilename.obj
c:\users\administrator\desktop\융캡\tightvnc-2.7.10\x64\debug\wsconfig-lib\uidataaccess.obj
c:\users\administrator\desktop\융캡\tightvnc-2.7.10\x64\debug\wsconfig-lib\videoregionsconfigdialog.obj
c:\users\administrator\desktop\융캡\tightvnc-2.7.10\x64\debug\wsconfig-lib.lib
c:\users\administrator\desktop\융캡\tightvnc-2.7.10\x64\debug\wsconfig-lib\wsconfig-lib.tlog\cl.command.1.tlog
c:\users\administrator\desktop\융캡\tightvnc-2.7.10\x64\debug\wsconfig-lib\wsconfig-lib.tlog\cl.read.1.tlog
c:\users\administrator\desktop\융캡\tightvnc-2.7.10\x64\debug\wsconfig-lib\wsconfig-lib.tlog\cl.write.1.tlog
c:\users\administrator\desktop\융캡\tightvnc-2.7.10\x64\debug\wsconfig-lib\wsconfig-lib.tlog\lib-link.read.1.tlog
c:\users\administrator\desktop\융캡\tightvnc-2.7.10\x64\debug\wsconfig-lib\wsconfig-lib.tlog\lib-link.write.1.tlog
c:\users\administrator\desktop\융캡\tightvnc-2.7.10\x64\debug\wsconfig-lib\wsconfig-lib.tlog\lib.command.1.tlog
