e:\main\공개sw개발자대회\0_code\tightvnc-2.7.10\x64\debug\rfb-sconn\vc120.pdb
e:\main\공개sw개발자대회\0_code\tightvnc-2.7.10\x64\debug\rfb-sconn\vc120.idb
e:\main\공개sw개발자대회\0_code\tightvnc-2.7.10\x64\debug\rfb-sconn\capcontainer.obj
e:\main\공개sw개발자대회\0_code\tightvnc-2.7.10\x64\debug\rfb-sconn\clientinputhandler.obj
e:\main\공개sw개발자대회\0_code\tightvnc-2.7.10\x64\debug\rfb-sconn\clipboardexchange.obj
e:\main\공개sw개발자대회\0_code\tightvnc-2.7.10\x64\debug\rfb-sconn\encodeoptions.obj
e:\main\공개sw개발자대회\0_code\tightvnc-2.7.10\x64\debug\rfb-sconn\encoder.obj
e:\main\공개sw개발자대회\0_code\tightvnc-2.7.10\x64\debug\rfb-sconn\encoderstore.obj
e:\main\공개sw개발자대회\0_code\tightvnc-2.7.10\x64\debug\rfb-sconn\hextileencoder.obj
e:\main\공개sw개발자대회\0_code\tightvnc-2.7.10\x64\debug\rfb-sconn\jpegcompressor.obj
e:\main\공개sw개발자대회\0_code\tightvnc-2.7.10\x64\debug\rfb-sconn\jpegencoder.obj
e:\main\공개sw개발자대회\0_code\tightvnc-2.7.10\x64\debug\rfb-sconn\rfbclient.obj
e:\main\공개sw개발자대회\0_code\tightvnc-2.7.10\x64\debug\rfb-sconn\rfbcoderegistrator.obj
e:\main\공개sw개발자대회\0_code\tightvnc-2.7.10\x64\debug\rfb-sconn\rfbdispatcher.obj
e:\main\공개sw개발자대회\0_code\tightvnc-2.7.10\x64\debug\rfb-sconn\rfbinitializer.obj
e:\main\공개sw개발자대회\0_code\tightvnc-2.7.10\x64\debug\rfb-sconn\rreencoder.obj
e:\main\공개sw개발자대회\0_code\tightvnc-2.7.10\x64\debug\rfb-sconn\tightencoder.obj
e:\main\공개sw개발자대회\0_code\tightvnc-2.7.10\x64\debug\rfb-sconn\tightpalette.obj
e:\main\공개sw개발자대회\0_code\tightvnc-2.7.10\x64\debug\rfb-sconn\zrleencoder.obj
e:\main\공개sw개발자대회\0_code\tightvnc-2.7.10\x64\debug\rfb-sconn.lib
e:\main\공개sw개발자대회\0_code\tightvnc-2.7.10\x64\debug\rfb-sconn\rfb-sconn.tlog\cl.read.1.tlog
e:\main\공개sw개발자대회\0_code\tightvnc-2.7.10\x64\debug\rfb-sconn\rfb-sconn.tlog\cl.write.1.tlog
e:\main\공개sw개발자대회\0_code\tightvnc-2.7.10\x64\debug\rfb-sconn\rfb-sconn.tlog\cl.command.1.tlog
e:\main\공개sw개발자대회\0_code\tightvnc-2.7.10\x64\debug\rfb-sconn\rfb-sconn.tlog\lib-link.read.1.tlog
e:\main\공개sw개발자대회\0_code\tightvnc-2.7.10\x64\debug\rfb-sconn\rfb-sconn.tlog\lib-link.write.1.tlog
e:\main\공개sw개발자대회\0_code\tightvnc-2.7.10\x64\debug\rfb-sconn\rfb-sconn.tlog\lib.command.1.tlog
