빌드 시작: 2015-09-23 오후 7:01:07
     1>4 노드의 "E:\Main\공개SW개발자대회\0_code\tightvnc-2.7.10\tvnserver\tvnserver.vcxproj" 프로젝트(Build 대상)입니다.
     1>ResourceCompile:
         C:\Program Files (x86)\Windows Kits\8.1\bin\x86\rc.exe /D _UNICODE /D UNICODE /l"0x0409" /nologo /fo"E:\Main\공개SW개발자대회\0_code\tightvnc-2.7.10\Debug\tvnserver\MessageProvider.res" ..\win-event-log\MessageProvider.rc 
       PreLinkEvent:
         cl /MTd /Fo"E:\Main\공개SW개발자대회\0_code\tightvnc-2.7.10\Debug\tvnserver\ "  /nologo /D_UNICODE /c BuildTime.cpp
         :VCEnd
         BuildTime.cpp
       Link:
         C:\Program Files (x86)\Microsoft Visual Studio 12.0\VC\bin\link.exe /ERRORREPORT:PROMPT /OUT:"E:\Main\공개SW개발자대회\0_code\tightvnc-2.7.10\Debug\tvnserver.exe" /INCREMENTAL /NOLOGO comctl32.lib "E:\Main\공개SW개발자대회\0_code\tightvnc-2.7.10\libjpeg-turbo\jpeg-static.lib" kernel32.lib user32.lib gdi32.lib winspool.lib comdlg32.lib advapi32.lib shell32.lib ole32.lib oleaut32.lib uuid.lib odbc32.lib odbccp32.lib /MANIFEST /MANIFESTDEPENDENCY:"type='Win32' name='Microsoft.Windows.Common-Controls' version='6.0.0.0' processorArchitecture='X86' publicKeyToken='6595b64144ccf1df' language='*'" /MANIFESTUAC:"level='asInvoker' uiAccess='false'" /manifest:embed /manifestinput:DPIAware.manifest /DEBUG /PDB:"E:\Main\공개SW개발자대회\0_code\tightvnc-2.7.10\Debug\tvnserver.pdb" /SUBSYSTEM:WINDOWS /TLBID:1 /DYNAMICBASE /NXCOMPAT /IMPLIB:"E:\Main\공개SW개발자대회\0_code\tightvnc-2.7.10\Debug\tvnserver.lib" /MACHINE:X86 /SAFESEH "E:\Main\공개SW개발자대회\0_code\tightvnc-2.7.10\Debug\tvnserver\MessageProvider.res"
         "E:\Main\공개SW개발자대회\0_code\tightvnc-2.7.10\Debug\tvnserver\tvnserver.res"
         "E:\Main\공개SW개발자대회\0_code\tightvnc-2.7.10\Debug\tvnserver\BuildTime.obj"
         "E:\Main\공개SW개발자대회\0_code\tightvnc-2.7.10\Debug\tvnserver\tvnserver.obj"
         "E:\Main\공개SW개발자대회\0_code\tightvnc-2.7.10\Debug\config-lib.lib"
         "E:\Main\공개SW개발자대회\0_code\tightvnc-2.7.10\Debug\desktop-ipc.lib"
         "E:\Main\공개SW개발자대회\0_code\tightvnc-2.7.10\Debug\desktop.lib"
         "E:\Main\공개SW개발자대회\0_code\tightvnc-2.7.10\Debug\fb-update-sender.lib"
         "E:\Main\공개SW개발자대회\0_code\tightvnc-2.7.10\Debug\file-lib.lib"
         "E:\Main\공개SW개발자대회\0_code\tightvnc-2.7.10\Debug\ft-common.lib"
         "E:\Main\공개SW개발자대회\0_code\tightvnc-2.7.10\Debug\ft-server-lib.lib"
         "E:\Main\공개SW개발자대회\0_code\tightvnc-2.7.10\Debug\gui.lib"
         "E:\Main\공개SW개발자대회\0_code\tightvnc-2.7.10\Debug\util.lib"
         "E:\Main\공개SW개발자대회\0_code\tightvnc-2.7.10\Debug\http-server-lib.lib"
         "E:\Main\공개SW개발자대회\0_code\tightvnc-2.7.10\Debug\io-lib.lib"
         "E:\Main\공개SW개발자대회\0_code\tightvnc-2.7.10\Debug\log-server.lib"
         "E:\Main\공개SW개발자대회\0_code\tightvnc-2.7.10\Debug\log-writer.lib"
         "E:\Main\공개SW개발자대회\0_code\tightvnc-2.7.10\Debug\network.lib"
         "E:\Main\공개SW개발자대회\0_code\tightvnc-2.7.10\Debug\region.lib"
         "E:\Main\공개SW개발자대회\0_code\tightvnc-2.7.10\Debug\rfb-sconn.lib"
         "E:\Main\공개SW개발자대회\0_code\tightvnc-2.7.10\Debug\rfb.lib"
         "E:\Main\공개SW개발자대회\0_code\tightvnc-2.7.10\Debug\server-config-lib.lib"
         "E:\Main\공개SW개발자대회\0_code\tightvnc-2.7.10\Debug\tcp-dispatcher.lib"
         "E:\Main\공개SW개발자대회\0_code\tightvnc-2.7.10\Debug\win-event-log.lib"
         "E:\Main\공개SW개발자대회\0_code\tightvnc-2.7.10\Debug\thread.lib"
         "E:\Main\공개SW개발자대회\0_code\tightvnc-2.7.10\Debug\tvncontrol-app.lib"
         "E:\Main\공개SW개발자대회\0_code\tightvnc-2.7.10\Debug\tvnserver-app.lib"
         "E:\Main\공개SW개발자대회\0_code\tightvnc-2.7.10\Debug\win-system.lib"
         "E:\Main\공개SW개발자대회\0_code\tightvnc-2.7.10\Debug\wsconfig-lib.lib"
         "E:\Main\공개SW개발자대회\0_code\tightvnc-2.7.10\Debug\zlib.lib"
         "E:\Main\공개SW개발자대회\0_code\tightvnc-2.7.10\Debug\screenhooks32.lib"
     1>BuildTime.obj : warning LNK4075: '/EDITANDCONTINUE'이(가) '/OPT:LBR' 사양으로 인해 무시됩니다.
     1>LINK : fatal error LNK1181: 'E:\Main\공개SW개발자대회\0_code\tightvnc-2.7.10\Debug\desktop.lib' 입력 파일을 열 수 없습니다.
     1>"E:\Main\공개SW개발자대회\0_code\tightvnc-2.7.10\tvnserver\tvnserver.vcxproj" 프로젝트를 빌드했습니다(Build 대상). - 실패

빌드하지 못했습니다.

경과 시간: 00:00:23.51
