빌드 시작: 2015-06-15 오전 12:47:01
     1>6 노드의 "C:\Users\Administrator\Desktop\융캡\tightvnc-2.7.10\file-lib\file-lib.vcxproj" 프로젝트(Rebuild 대상)입니다.
     1>ClCompile:
         C:\Program Files (x86)\Microsoft Visual Studio 12.0\VC\bin\x86_amd64\CL.exe /c /I. /I.. /Zi /nologo /W3 /WX- /Od /D WIN32 /D _DEBUG /D _LIB /D _UNICODE /D UNICODE /Gm /EHsc /RTC1 /MTd /GS /fp:precise /Zc:wchar_t /Zc:forScope /Fo"C:\Users\Administrator\Desktop\융캡\tightvnc-2.7.10\x64\Debug\file-lib\\" /Fd"C:\Users\Administrator\Desktop\융캡\tightvnc-2.7.10\x64\Debug\file-lib\vc120.pdb" /Gd /TP /errorReport:prompt EOFException.cpp File.cpp FileNotFoundException.cpp WinFile.cpp WinFileChannel.cpp
         WinFileChannel.cpp
         WinFile.cpp
         FileNotFoundException.cpp
         File.cpp
         EOFException.cpp
         코드를 생성하고 있습니다...
       Lib:
         C:\Program Files (x86)\Microsoft Visual Studio 12.0\VC\bin\x86_amd64\Lib.exe /OUT:"C:\Users\Administrator\Desktop\융캡\tightvnc-2.7.10\x64\Debug\file-lib.lib" /NOLOGO /MACHINE:X64 "C:\Users\Administrator\Desktop\융캡\tightvnc-2.7.10\x64\Debug\file-lib\EOFException.obj"
         "C:\Users\Administrator\Desktop\융캡\tightvnc-2.7.10\x64\Debug\file-lib\File.obj"
         "C:\Users\Administrator\Desktop\융캡\tightvnc-2.7.10\x64\Debug\file-lib\FileNotFoundException.obj"
         "C:\Users\Administrator\Desktop\융캡\tightvnc-2.7.10\x64\Debug\file-lib\WinFile.obj"
         "C:\Users\Administrator\Desktop\융캡\tightvnc-2.7.10\x64\Debug\file-lib\WinFileChannel.obj"
         file-lib.vcxproj -> C:\Users\Administrator\Desktop\융캡\tightvnc-2.7.10\x64\Debug\file-lib.lib
     1>"C:\Users\Administrator\Desktop\융캡\tightvnc-2.7.10\file-lib\file-lib.vcxproj" 프로젝트를 빌드했습니다(Rebuild 대상).

빌드했습니다.

경과 시간: 00:00:05.15
