c:\users\administrator\desktop\융캡\tightvnc-2.7.10\x64\debug\ft-client-lib\vc120.pdb
c:\users\administrator\desktop\융캡\tightvnc-2.7.10\x64\debug\ft-client-lib\vc120.idb
c:\users\administrator\desktop\융캡\tightvnc-2.7.10\x64\debug\ft-client-lib\copyoperation.obj
c:\users\administrator\desktop\융캡\tightvnc-2.7.10\x64\debug\ft-client-lib\downloadoperation.obj
c:\users\administrator\desktop\융캡\tightvnc-2.7.10\x64\debug\ft-client-lib\fileinfolist.obj
c:\users\administrator\desktop\융캡\tightvnc-2.7.10\x64\debug\ft-client-lib\filetransfercore.obj
c:\users\administrator\desktop\융캡\tightvnc-2.7.10\x64\debug\ft-client-lib\filetransfereventadapter.obj
c:\users\administrator\desktop\융캡\tightvnc-2.7.10\x64\debug\ft-client-lib\filetransfereventhandler.obj
c:\users\administrator\desktop\융캡\tightvnc-2.7.10\x64\debug\ft-client-lib\filetransferinterface.obj
c:\users\administrator\desktop\융캡\tightvnc-2.7.10\x64\debug\ft-client-lib\filetransfermessageprocessor.obj
c:\users\administrator\desktop\융캡\tightvnc-2.7.10\x64\debug\ft-client-lib\filetransferoperation.obj
c:\users\administrator\desktop\융캡\tightvnc-2.7.10\x64\debug\ft-client-lib\filetransferreplybuffer.obj
c:\users\administrator\desktop\융캡\tightvnc-2.7.10\x64\debug\ft-client-lib\filetransferrequestsender.obj
c:\users\administrator\desktop\융캡\tightvnc-2.7.10\x64\debug\ft-client-lib\localfilesdeleteoperation.obj
c:\users\administrator\desktop\융캡\tightvnc-2.7.10\x64\debug\ft-client-lib\operationeventlistener.obj
c:\users\administrator\desktop\융캡\tightvnc-2.7.10\x64\debug\ft-client-lib\operationnotpermittedexception.obj
c:\users\administrator\desktop\융캡\tightvnc-2.7.10\x64\debug\ft-client-lib\operationsupport.obj
c:\users\administrator\desktop\융캡\tightvnc-2.7.10\x64\debug\ft-client-lib\remotefilelistoperation.obj
c:\users\administrator\desktop\융캡\tightvnc-2.7.10\x64\debug\ft-client-lib\remotefilerenameoperation.obj
c:\users\administrator\desktop\융캡\tightvnc-2.7.10\x64\debug\ft-client-lib\remotefilesdeleteoperation.obj
c:\users\administrator\desktop\융캡\tightvnc-2.7.10\x64\debug\ft-client-lib\remotefoldercreateoperation.obj
c:\users\administrator\desktop\융캡\tightvnc-2.7.10\x64\debug\ft-client-lib\uploadoperation.obj
c:\users\administrator\desktop\융캡\tightvnc-2.7.10\x64\debug\ft-client-lib.lib
c:\users\administrator\desktop\융캡\tightvnc-2.7.10\x64\debug\ft-client-lib\ft-client-lib.tlog\cl.command.1.tlog
c:\users\administrator\desktop\융캡\tightvnc-2.7.10\x64\debug\ft-client-lib\ft-client-lib.tlog\cl.read.1.tlog
c:\users\administrator\desktop\융캡\tightvnc-2.7.10\x64\debug\ft-client-lib\ft-client-lib.tlog\cl.write.1.tlog
c:\users\administrator\desktop\융캡\tightvnc-2.7.10\x64\debug\ft-client-lib\ft-client-lib.tlog\lib-link.read.1.tlog
c:\users\administrator\desktop\융캡\tightvnc-2.7.10\x64\debug\ft-client-lib\ft-client-lib.tlog\lib-link.write.1.tlog
c:\users\administrator\desktop\융캡\tightvnc-2.7.10\x64\debug\ft-client-lib\ft-client-lib.tlog\lib.command.1.tlog
