빌드 시작: 2015-09-22 오후 6:12:08
     1>3 노드의 "E:\Main\공개SW개발자대회\0_code\tightvnc-2.7.10\viewer-core\viewer-core.vcxproj" 프로젝트(Rebuild 대상)입니다.
     1>ClCompile:
         C:\Program Files (x86)\Microsoft Visual Studio 12.0\VC\bin\CL.exe /c /I.. /ZI /nologo /W3 /WX- /Od /Oy- /D WIN32 /D _DEBUG /D _LIB /D _UNICODE /D UNICODE /Gm /EHsc /RTC1 /MTd /GS /fp:precise /Zc:wchar_t /Zc:forScope /Fo"E:\Main\공개SW개발자대회\0_code\tightvnc-2.7.10\Debug\viewer-core\\" /Fd"E:\Main\공개SW개발자대회\0_code\tightvnc-2.7.10\Debug\viewer-core\vc120.pdb" /Gd /TP /analyze- /errorReport:prompt AuthHandler.cpp CapabilitiesManager.cpp CapsContainer.cpp CoreEventsAdapter.cpp CursorPainter.cpp DecoderOfRectangle.cpp FbUpdateNotifier.cpp FileTransferCapability.cpp LastRectDecoder.cpp PseudoDecoder.cpp RawDecoder.cpp RemoteViewerCore.cpp RfbClientToServerMessage.cpp RfbCutTextEventClientMessage.cpp RfbFramebufferUpdateRequestClientMessage.cpp RfbKeyEventClientMessage.cpp RfbPointerEventClientMessage.cpp RfbSetEncodingsClientMessage.cpp RfbSetPixelFormatClientMessage.cpp TcpConnection.cpp VncAuthentication.cpp CompressionLevel.cpp CopyRectDecoder.cpp Decoder.cpp DecoderStore.cpp DesktopSizeDecoder.cpp HexTileDecoder.cpp JpegDecompressor.cpp JpegQualityLevel.cpp PointerPosDecoder.cpp RichCursorDecoder.cpp RreDecoder.cpp TightDecoder.cpp VncAuthenticationHandler.cpp ZrleDecoder.cpp
         ZrleDecoder.cpp
         VncAuthenticationHandler.cpp
         TightDecoder.cpp
         RreDecoder.cpp
         RichCursorDecoder.cpp
         PointerPosDecoder.cpp
         JpegQualityLevel.cpp
         JpegDecompressor.cpp
         HexTileDecoder.cpp
         DesktopSizeDecoder.cpp
         DecoderStore.cpp
         Decoder.cpp
         CopyRectDecoder.cpp
         CompressionLevel.cpp
         VncAuthentication.cpp
         TcpConnection.cpp
         RfbSetPixelFormatClientMessage.cpp
         RfbSetEncodingsClientMessage.cpp
         RfbPointerEventClientMessage.cpp
         RfbKeyEventClientMessage.cpp
         코드를 생성하고 있습니다...
         컴파일하고 있습니다...
         RfbFramebufferUpdateRequestClientMessage.cpp
         RfbCutTextEventClientMessage.cpp
         RfbClientToServerMessage.cpp
         RemoteViewerCore.cpp
         RawDecoder.cpp
         PseudoDecoder.cpp
         LastRectDecoder.cpp
         FileTransferCapability.cpp
         FbUpdateNotifier.cpp
         DecoderOfRectangle.cpp
         CursorPainter.cpp
         CoreEventsAdapter.cpp
         CapsContainer.cpp
         CapabilitiesManager.cpp
         AuthHandler.cpp
         코드를 생성하고 있습니다...
       Lib:
         C:\Program Files (x86)\Microsoft Visual Studio 12.0\VC\bin\Lib.exe /OUT:"E:\Main\공개SW개발자대회\0_code\tightvnc-2.7.10\Debug\viewer-core.lib" /NOLOGO "E:\Main\공개SW개발자대회\0_code\tightvnc-2.7.10\Debug\viewer-core\AuthHandler.obj"
         "E:\Main\공개SW개발자대회\0_code\tightvnc-2.7.10\Debug\viewer-core\CapabilitiesManager.obj"
         "E:\Main\공개SW개발자대회\0_code\tightvnc-2.7.10\Debug\viewer-core\CapsContainer.obj"
         "E:\Main\공개SW개발자대회\0_code\tightvnc-2.7.10\Debug\viewer-core\CoreEventsAdapter.obj"
         "E:\Main\공개SW개발자대회\0_code\tightvnc-2.7.10\Debug\viewer-core\CursorPainter.obj"
         "E:\Main\공개SW개발자대회\0_code\tightvnc-2.7.10\Debug\viewer-core\DecoderOfRectangle.obj"
         "E:\Main\공개SW개발자대회\0_code\tightvnc-2.7.10\Debug\viewer-core\FbUpdateNotifier.obj"
         "E:\Main\공개SW개발자대회\0_code\tightvnc-2.7.10\Debug\viewer-core\FileTransferCapability.obj"
         "E:\Main\공개SW개발자대회\0_code\tightvnc-2.7.10\Debug\viewer-core\LastRectDecoder.obj"
         "E:\Main\공개SW개발자대회\0_code\tightvnc-2.7.10\Debug\viewer-core\PseudoDecoder.obj"
         "E:\Main\공개SW개발자대회\0_code\tightvnc-2.7.10\Debug\viewer-core\RawDecoder.obj"
         "E:\Main\공개SW개발자대회\0_code\tightvnc-2.7.10\Debug\viewer-core\RemoteViewerCore.obj"
         "E:\Main\공개SW개발자대회\0_code\tightvnc-2.7.10\Debug\viewer-core\RfbClientToServerMessage.obj"
         "E:\Main\공개SW개발자대회\0_code\tightvnc-2.7.10\Debug\viewer-core\RfbCutTextEventClientMessage.obj"
         "E:\Main\공개SW개발자대회\0_code\tightvnc-2.7.10\Debug\viewer-core\RfbFramebufferUpdateRequestClientMessage.obj"
         "E:\Main\공개SW개발자대회\0_code\tightvnc-2.7.10\Debug\viewer-core\RfbKeyEventClientMessage.obj"
         "E:\Main\공개SW개발자대회\0_code\tightvnc-2.7.10\Debug\viewer-core\RfbPointerEventClientMessage.obj"
         "E:\Main\공개SW개발자대회\0_code\tightvnc-2.7.10\Debug\viewer-core\RfbSetEncodingsClientMessage.obj"
         "E:\Main\공개SW개발자대회\0_code\tightvnc-2.7.10\Debug\viewer-core\RfbSetPixelFormatClientMessage.obj"
         "E:\Main\공개SW개발자대회\0_code\tightvnc-2.7.10\Debug\viewer-core\TcpConnection.obj"
         "E:\Main\공개SW개발자대회\0_code\tightvnc-2.7.10\Debug\viewer-core\VncAuthentication.obj"
         "E:\Main\공개SW개발자대회\0_code\tightvnc-2.7.10\Debug\viewer-core\CompressionLevel.obj"
         "E:\Main\공개SW개발자대회\0_code\tightvnc-2.7.10\Debug\viewer-core\CopyRectDecoder.obj"
         "E:\Main\공개SW개발자대회\0_code\tightvnc-2.7.10\Debug\viewer-core\Decoder.obj"
         "E:\Main\공개SW개발자대회\0_code\tightvnc-2.7.10\Debug\viewer-core\DecoderStore.obj"
         "E:\Main\공개SW개발자대회\0_code\tightvnc-2.7.10\Debug\viewer-core\DesktopSizeDecoder.obj"
         "E:\Main\공개SW개발자대회\0_code\tightvnc-2.7.10\Debug\viewer-core\HexTileDecoder.obj"
         "E:\Main\공개SW개발자대회\0_code\tightvnc-2.7.10\Debug\viewer-core\JpegDecompressor.obj"
         "E:\Main\공개SW개발자대회\0_code\tightvnc-2.7.10\Debug\viewer-core\JpegQualityLevel.obj"
         "E:\Main\공개SW개발자대회\0_code\tightvnc-2.7.10\Debug\viewer-core\PointerPosDecoder.obj"
         "E:\Main\공개SW개발자대회\0_code\tightvnc-2.7.10\Debug\viewer-core\RichCursorDecoder.obj"
         "E:\Main\공개SW개발자대회\0_code\tightvnc-2.7.10\Debug\viewer-core\RreDecoder.obj"
         "E:\Main\공개SW개발자대회\0_code\tightvnc-2.7.10\Debug\viewer-core\TightDecoder.obj"
         "E:\Main\공개SW개발자대회\0_code\tightvnc-2.7.10\Debug\viewer-core\VncAuthenticationHandler.obj"
         "E:\Main\공개SW개발자대회\0_code\tightvnc-2.7.10\Debug\viewer-core\ZrleDecoder.obj"
         viewer-core.vcxproj -> E:\Main\공개SW개발자대회\0_code\tightvnc-2.7.10\Debug\viewer-core.lib
     1>"E:\Main\공개SW개발자대회\0_code\tightvnc-2.7.10\viewer-core\viewer-core.vcxproj" 프로젝트를 빌드했습니다(Rebuild 대상).

빌드했습니다.

경과 시간: 00:01:05.67
