e:\main\공개sw개발자대회\0_code\tightvnc-2.7.10\x64\debug\desktop\vc120.pdb
e:\main\공개sw개발자대회\0_code\tightvnc-2.7.10\x64\debug\desktop\vc120.idb
e:\main\공개sw개발자대회\0_code\tightvnc-2.7.10\x64\debug\desktop\win32mirrorscreendriver.obj
e:\main\공개sw개발자대회\0_code\tightvnc-2.7.10\x64\debug\desktop\win32screendriver.obj
e:\main\공개sw개발자대회\0_code\tightvnc-2.7.10\x64\debug\desktop\win32screendriverbaseimpl.obj
e:\main\공개sw개발자대회\0_code\tightvnc-2.7.10\x64\debug\desktop\win32screendriverfactory.obj
e:\main\공개sw개발자대회\0_code\tightvnc-2.7.10\x64\debug\desktop\win8screendriver.obj
e:\main\공개sw개발자대회\0_code\tightvnc-2.7.10\x64\debug\desktop\win8screendriverimpl.obj
e:\main\공개sw개발자대회\0_code\tightvnc-2.7.10\x64\debug\desktop\winautomapdxgisurface.obj
e:\main\공개sw개발자대회\0_code\tightvnc-2.7.10\x64\debug\desktop\wincustomd3d11texture2d.obj
e:\main\공개sw개발자대회\0_code\tightvnc-2.7.10\x64\debug\desktop\windowsclipboard.obj
e:\main\공개sw개발자대회\0_code\tightvnc-2.7.10\x64\debug\desktop\windowsinputblocker.obj
e:\main\공개sw개발자대회\0_code\tightvnc-2.7.10\x64\debug\desktop\windowscursorshapegrabber.obj
e:\main\공개sw개발자대회\0_code\tightvnc-2.7.10\x64\debug\desktop\windowsscreengrabber.obj
e:\main\공개sw개발자대회\0_code\tightvnc-2.7.10\x64\debug\desktop\windowsuserinput.obj
e:\main\공개sw개발자대회\0_code\tightvnc-2.7.10\x64\debug\desktop\wind3d11device.obj
e:\main\공개sw개발자대회\0_code\tightvnc-2.7.10\x64\debug\desktop\windxgiadapter.obj
e:\main\공개sw개발자대회\0_code\tightvnc-2.7.10\x64\debug\desktop\windxgidevice.obj
e:\main\공개sw개발자대회\0_code\tightvnc-2.7.10\x64\debug\desktop\windxgisurface.obj
e:\main\공개sw개발자대회\0_code\tightvnc-2.7.10\x64\debug\desktop\wind3d11texture2d.obj
e:\main\공개sw개발자대회\0_code\tightvnc-2.7.10\x64\debug\desktop\winservicedesktopfactory.obj
e:\main\공개sw개발자대회\0_code\tightvnc-2.7.10\x64\debug\desktop\winvideoregionfounderimpl.obj
e:\main\공개sw개발자대회\0_code\tightvnc-2.7.10\x64\debug\desktop\hookupdatetimer.obj
e:\main\공개sw개발자대회\0_code\tightvnc-2.7.10\x64\debug\desktop\inputblocker.obj
e:\main\공개sw개발자대회\0_code\tightvnc-2.7.10\x64\debug\desktop\mirrordriverclient.obj
e:\main\공개sw개발자대회\0_code\tightvnc-2.7.10\x64\debug\desktop\mirrorscreendriver.obj
e:\main\공개sw개발자대회\0_code\tightvnc-2.7.10\x64\debug\desktop\cursorpositiondetector.obj
e:\main\공개sw개발자대회\0_code\tightvnc-2.7.10\x64\debug\desktop\cursorshapegrabber.obj
e:\main\공개sw개발자대회\0_code\tightvnc-2.7.10\x64\debug\desktop\cursorshapedetector.obj
e:\main\공개sw개발자대회\0_code\tightvnc-2.7.10\x64\debug\desktop\poller.obj
e:\main\공개sw개발자대회\0_code\tightvnc-2.7.10\x64\debug\desktop\sasuserinput.obj
e:\main\공개sw개발자대회\0_code\tightvnc-2.7.10\x64\debug\desktop\screengrabber.obj
e:\main\공개sw개발자대회\0_code\tightvnc-2.7.10\x64\debug\desktop\updatecontainer.obj
e:\main\공개sw개발자대회\0_code\tightvnc-2.7.10\x64\debug\desktop\updatedetector.obj
e:\main\공개sw개발자대회\0_code\tightvnc-2.7.10\x64\debug\desktop\updatefilter.obj
e:\main\공개sw개발자대회\0_code\tightvnc-2.7.10\x64\debug\desktop\updatehandler.obj
e:\main\공개sw개발자대회\0_code\tightvnc-2.7.10\x64\debug\desktop\updatehandlerimpl.obj
e:\main\공개sw개발자대회\0_code\tightvnc-2.7.10\x64\debug\desktop\updatekeeper.obj
e:\main\공개sw개발자대회\0_code\tightvnc-2.7.10\x64\debug\desktop\updatelistener.obj
e:\main\공개sw개발자대회\0_code\tightvnc-2.7.10\x64\debug\desktop\updatesendinglistener.obj
e:\main\공개sw개발자대회\0_code\tightvnc-2.7.10\x64\debug\desktop\userinput.obj
e:\main\공개sw개발자대회\0_code\tightvnc-2.7.10\x64\debug\desktop\wallpaperutil.obj
e:\main\공개sw개발자대회\0_code\tightvnc-2.7.10\x64\debug\desktop\consolepoller.obj
e:\main\공개sw개발자대회\0_code\tightvnc-2.7.10\x64\debug\desktop\copyrectdetector.obj
e:\main\공개sw개발자대회\0_code\tightvnc-2.7.10\x64\debug\desktop\desktopbaseimpl.obj
e:\main\공개sw개발자대회\0_code\tightvnc-2.7.10\x64\debug\desktop\desktopclientimpl.obj
e:\main\공개sw개발자대회\0_code\tightvnc-2.7.10\x64\debug\desktop\desktopconfiglocal.obj
e:\main\공개sw개발자대회\0_code\tightvnc-2.7.10\x64\debug\desktop\desktopserverwatcher.obj
e:\main\공개sw개발자대회\0_code\tightvnc-2.7.10\x64\debug\desktop\desktopwinimpl.obj
e:\main\공개sw개발자대회\0_code\tightvnc-2.7.10\x64\debug\desktop\win8cursorshape.obj
e:\main\공개sw개발자대회\0_code\tightvnc-2.7.10\x64\debug\desktop\win8deskduplicationthread.obj
e:\main\공개sw개발자대회\0_code\tightvnc-2.7.10\x64\debug\desktop\wincursorshapeutils.obj
e:\main\공개sw개발자대회\0_code\tightvnc-2.7.10\x64\debug\desktop\windxcriticalexception.obj
e:\main\공개sw개발자대회\0_code\tightvnc-2.7.10\x64\debug\desktop\windxexception.obj
e:\main\공개sw개발자대회\0_code\tightvnc-2.7.10\x64\debug\desktop\windxgiacquiredframe.obj
e:\main\공개sw개발자대회\0_code\tightvnc-2.7.10\x64\debug\desktop\windxgioutput.obj
e:\main\공개sw개발자대회\0_code\tightvnc-2.7.10\x64\debug\desktop\windxgioutput1.obj
e:\main\공개sw개발자대회\0_code\tightvnc-2.7.10\x64\debug\desktop\windxgioutputduplication.obj
e:\main\공개sw개발자대회\0_code\tightvnc-2.7.10\x64\debug\desktop\windxrecoverableexception.obj
e:\main\공개sw개발자대회\0_code\tightvnc-2.7.10\x64\debug\desktop\graboptimizator.obj
e:\main\공개sw개발자대회\0_code\tightvnc-2.7.10\x64\debug\desktop\hookinstaller.obj
e:\main\공개sw개발자대회\0_code\tightvnc-2.7.10\x64\debug\desktop\hooksupdatedetector.obj
e:\main\공개sw개발자대회\0_code\tightvnc-2.7.10\x64\debug\desktop\applicationdesktopfactory.obj
e:\main\공개sw개발자대회\0_code\tightvnc-2.7.10\x64\debug\desktop\clipboardlistener.obj
e:\main\공개sw개발자대회\0_code\tightvnc-2.7.10\x64\debug\desktop.lib
e:\main\공개sw개발자대회\0_code\tightvnc-2.7.10\x64\debug\desktop\desktop.tlog\cl.read.1.tlog
e:\main\공개sw개발자대회\0_code\tightvnc-2.7.10\x64\debug\desktop\desktop.tlog\cl.write.1.tlog
e:\main\공개sw개발자대회\0_code\tightvnc-2.7.10\x64\debug\desktop\desktop.tlog\cl.command.1.tlog
e:\main\공개sw개발자대회\0_code\tightvnc-2.7.10\x64\debug\desktop\desktop.tlog\lib-link.read.1.tlog
e:\main\공개sw개발자대회\0_code\tightvnc-2.7.10\x64\debug\desktop\desktop.tlog\lib-link.write.1.tlog
e:\main\공개sw개발자대회\0_code\tightvnc-2.7.10\x64\debug\desktop\desktop.tlog\lib.command.1.tlog
