빌드 시작: 2015-09-22 오후 6:09:36
     1>5 노드의 "E:\Main\공개SW개발자대회\0_code\tightvnc-2.7.10\io-lib\io-lib.vcxproj" 프로젝트(Rebuild 대상)입니다.
     1>ClCompile:
         C:\Program Files (x86)\Microsoft Visual Studio 12.0\VC\bin\CL.exe /c /I. /I.. /ZI /nologo /W3 /WX- /Od /Oy- /D WIN32 /D _DEBUG /D _LIB /D _UNICODE /D UNICODE /Gm /EHsc /RTC1 /MTd /GS /fp:precise /Zc:wchar_t /Zc:forScope /Fo"E:\Main\공개SW개발자대회\0_code\tightvnc-2.7.10\Debug\io-lib\\" /Fd"E:\Main\공개SW개발자대회\0_code\tightvnc-2.7.10\Debug\io-lib\vc120.pdb" /Gd /TP /analyze- /errorReport:prompt BufferedOutputStream.cpp ByteArrayInputStream.cpp ByteArrayOutputStream.cpp Channel.cpp DataInputStream.cpp DataOutputStream.cpp InputStream.cpp IOException.cpp OutputStream.cpp
         OutputStream.cpp
         IOException.cpp
         InputStream.cpp
         DataOutputStream.cpp
         DataInputStream.cpp
         Channel.cpp
         ByteArrayOutputStream.cpp
         ByteArrayInputStream.cpp
         BufferedOutputStream.cpp
         코드를 생성하고 있습니다...
       Lib:
         C:\Program Files (x86)\Microsoft Visual Studio 12.0\VC\bin\Lib.exe /OUT:"E:\Main\공개SW개발자대회\0_code\tightvnc-2.7.10\Debug\io-lib.lib" /NOLOGO "E:\Main\공개SW개발자대회\0_code\tightvnc-2.7.10\Debug\io-lib\BufferedOutputStream.obj"
         "E:\Main\공개SW개발자대회\0_code\tightvnc-2.7.10\Debug\io-lib\ByteArrayInputStream.obj"
         "E:\Main\공개SW개발자대회\0_code\tightvnc-2.7.10\Debug\io-lib\ByteArrayOutputStream.obj"
         "E:\Main\공개SW개발자대회\0_code\tightvnc-2.7.10\Debug\io-lib\Channel.obj"
         "E:\Main\공개SW개발자대회\0_code\tightvnc-2.7.10\Debug\io-lib\DataInputStream.obj"
         "E:\Main\공개SW개발자대회\0_code\tightvnc-2.7.10\Debug\io-lib\DataOutputStream.obj"
         "E:\Main\공개SW개발자대회\0_code\tightvnc-2.7.10\Debug\io-lib\InputStream.obj"
         "E:\Main\공개SW개발자대회\0_code\tightvnc-2.7.10\Debug\io-lib\IOException.obj"
         "E:\Main\공개SW개발자대회\0_code\tightvnc-2.7.10\Debug\io-lib\OutputStream.obj"
         io-lib.vcxproj -> E:\Main\공개SW개발자대회\0_code\tightvnc-2.7.10\Debug\io-lib.lib
     1>"E:\Main\공개SW개발자대회\0_code\tightvnc-2.7.10\io-lib\io-lib.vcxproj" 프로젝트를 빌드했습니다(Rebuild 대상).

빌드했습니다.

경과 시간: 00:00:30.83
