c:\users\administrator\desktop\융캡\tightvnc-2.7.10\x64\debug\util\vc120.pdb
c:\users\administrator\desktop\융캡\tightvnc-2.7.10\x64\debug\util\vc120.idb
c:\users\administrator\desktop\융캡\tightvnc-2.7.10\x64\debug\util\datetime.obj
c:\users\administrator\desktop\융캡\tightvnc-2.7.10\x64\debug\util\deflater.obj
c:\users\administrator\desktop\융캡\tightvnc-2.7.10\x64\debug\util\demandtimer.obj
c:\users\administrator\desktop\융캡\tightvnc-2.7.10\x64\debug\util\descrypt.obj
c:\users\administrator\desktop\융캡\tightvnc-2.7.10\x64\debug\util\exception.obj
c:\users\administrator\desktop\융캡\tightvnc-2.7.10\x64\debug\util\inflater.obj
c:\users\administrator\desktop\융캡\tightvnc-2.7.10\x64\debug\util\keycontainer.obj
c:\users\administrator\desktop\융캡\tightvnc-2.7.10\x64\debug\util\keymap.obj
c:\users\administrator\desktop\융캡\tightvnc-2.7.10\x64\debug\util\macrocommand.obj
c:\users\administrator\desktop\융캡\tightvnc-2.7.10\x64\debug\util\md5.obj
c:\users\administrator\desktop\융캡\tightvnc-2.7.10\x64\debug\util\resourceloader.obj
c:\users\administrator\desktop\융캡\tightvnc-2.7.10\x64\debug\util\stringparser.obj
c:\users\administrator\desktop\융캡\tightvnc-2.7.10\x64\debug\util\stringstorage.obj
c:\users\administrator\desktop\융캡\tightvnc-2.7.10\x64\debug\util\stringtable.obj
c:\users\administrator\desktop\융캡\tightvnc-2.7.10\x64\debug\util\unicode.obj
c:\users\administrator\desktop\융캡\tightvnc-2.7.10\x64\debug\util\unicodestringstorage.obj
c:\users\administrator\desktop\융캡\tightvnc-2.7.10\x64\debug\util\utf8stringstorage.obj
c:\users\administrator\desktop\융캡\tightvnc-2.7.10\x64\debug\util\vncpasscrypt.obj
c:\users\administrator\desktop\융캡\tightvnc-2.7.10\x64\debug\util\zlibbase.obj
c:\users\administrator\desktop\융캡\tightvnc-2.7.10\x64\debug\util\zlibexception.obj
c:\users\administrator\desktop\융캡\tightvnc-2.7.10\x64\debug\util\ansistringstorage.obj
c:\users\administrator\desktop\융캡\tightvnc-2.7.10\x64\debug\util\brokenhandleexception.obj
c:\users\administrator\desktop\융캡\tightvnc-2.7.10\x64\debug\util\command.obj
c:\users\administrator\desktop\융캡\tightvnc-2.7.10\x64\debug\util\commandline.obj
c:\users\administrator\desktop\융캡\tightvnc-2.7.10\x64\debug\util\commandlineargs.obj
c:\users\administrator\desktop\융캡\tightvnc-2.7.10\x64\debug\util\commandlineformatexception.obj
c:\users\administrator\desktop\융캡\tightvnc-2.7.10\x64\debug\util\commandlineformathelp.obj
c:\users\administrator\desktop\융캡\tightvnc-2.7.10\x64\debug\util.lib
c:\users\administrator\desktop\융캡\tightvnc-2.7.10\x64\debug\util\util.tlog\cl.command.1.tlog
c:\users\administrator\desktop\융캡\tightvnc-2.7.10\x64\debug\util\util.tlog\cl.read.1.tlog
c:\users\administrator\desktop\융캡\tightvnc-2.7.10\x64\debug\util\util.tlog\cl.write.1.tlog
c:\users\administrator\desktop\융캡\tightvnc-2.7.10\x64\debug\util\util.tlog\lib-link.read.1.tlog
c:\users\administrator\desktop\융캡\tightvnc-2.7.10\x64\debug\util\util.tlog\lib-link.write.1.tlog
c:\users\administrator\desktop\융캡\tightvnc-2.7.10\x64\debug\util\util.tlog\lib.command.1.tlog
