e:\main\공개sw개발자대회\0_code\tightvnc-2.7.10\x64\debug\viewer-core\vc120.pdb
e:\main\공개sw개발자대회\0_code\tightvnc-2.7.10\x64\debug\viewer-core\tcpconnection.obj
e:\main\공개sw개발자대회\0_code\tightvnc-2.7.10\x64\debug\viewer-core\rfbsetpixelformatclientmessage.obj
e:\main\공개sw개발자대회\0_code\tightvnc-2.7.10\x64\debug\viewer-core\rfbsetencodingsclientmessage.obj
e:\main\공개sw개발자대회\0_code\tightvnc-2.7.10\x64\debug\viewer-core\rfbpointereventclientmessage.obj
e:\main\공개sw개발자대회\0_code\tightvnc-2.7.10\x64\debug\viewer-core\rfbkeyeventclientmessage.obj
e:\main\공개sw개발자대회\0_code\tightvnc-2.7.10\x64\debug\viewer-core\rfbframebufferupdaterequestclientmessage.obj
e:\main\공개sw개발자대회\0_code\tightvnc-2.7.10\x64\debug\viewer-core\rfbcuttexteventclientmessage.obj
e:\main\공개sw개발자대회\0_code\tightvnc-2.7.10\x64\debug\viewer-core\rfbclienttoservermessage.obj
e:\main\공개sw개발자대회\0_code\tightvnc-2.7.10\x64\debug\viewer-core\remoteviewercore.obj
e:\main\공개sw개발자대회\0_code\tightvnc-2.7.10\x64\debug\viewer-core\rawdecoder.obj
e:\main\공개sw개발자대회\0_code\tightvnc-2.7.10\x64\debug\viewer-core\pseudodecoder.obj
e:\main\공개sw개발자대회\0_code\tightvnc-2.7.10\x64\debug\viewer-core\lastrectdecoder.obj
e:\main\공개sw개발자대회\0_code\tightvnc-2.7.10\x64\debug\viewer-core\filetransfercapability.obj
e:\main\공개sw개발자대회\0_code\tightvnc-2.7.10\x64\debug\viewer-core\fbupdatenotifier.obj
e:\main\공개sw개발자대회\0_code\tightvnc-2.7.10\x64\debug\viewer-core\decoderofrectangle.obj
e:\main\공개sw개발자대회\0_code\tightvnc-2.7.10\x64\debug\viewer-core\cursorpainter.obj
e:\main\공개sw개발자대회\0_code\tightvnc-2.7.10\x64\debug\viewer-core\coreeventsadapter.obj
e:\main\공개sw개발자대회\0_code\tightvnc-2.7.10\x64\debug\viewer-core\capscontainer.obj
e:\main\공개sw개발자대회\0_code\tightvnc-2.7.10\x64\debug\viewer-core\capabilitiesmanager.obj
e:\main\공개sw개발자대회\0_code\tightvnc-2.7.10\x64\debug\viewer-core\authhandler.obj
e:\main\공개sw개발자대회\0_code\tightvnc-2.7.10\x64\debug\viewer-core\zrledecoder.obj
e:\main\공개sw개발자대회\0_code\tightvnc-2.7.10\x64\debug\viewer-core\vncauthenticationhandler.obj
e:\main\공개sw개발자대회\0_code\tightvnc-2.7.10\x64\debug\viewer-core\tightdecoder.obj
e:\main\공개sw개발자대회\0_code\tightvnc-2.7.10\x64\debug\viewer-core\rredecoder.obj
e:\main\공개sw개발자대회\0_code\tightvnc-2.7.10\x64\debug\viewer-core\richcursordecoder.obj
e:\main\공개sw개발자대회\0_code\tightvnc-2.7.10\x64\debug\viewer-core\pointerposdecoder.obj
e:\main\공개sw개발자대회\0_code\tightvnc-2.7.10\x64\debug\viewer-core\jpegqualitylevel.obj
e:\main\공개sw개발자대회\0_code\tightvnc-2.7.10\x64\debug\viewer-core\jpegdecompressor.obj
e:\main\공개sw개발자대회\0_code\tightvnc-2.7.10\x64\debug\viewer-core\hextiledecoder.obj
e:\main\공개sw개발자대회\0_code\tightvnc-2.7.10\x64\debug\viewer-core\desktopsizedecoder.obj
e:\main\공개sw개발자대회\0_code\tightvnc-2.7.10\x64\debug\viewer-core\decoderstore.obj
e:\main\공개sw개발자대회\0_code\tightvnc-2.7.10\x64\debug\viewer-core\decoder.obj
e:\main\공개sw개발자대회\0_code\tightvnc-2.7.10\x64\debug\viewer-core\copyrectdecoder.obj
e:\main\공개sw개발자대회\0_code\tightvnc-2.7.10\x64\debug\viewer-core\compressionlevel.obj
e:\main\공개sw개발자대회\0_code\tightvnc-2.7.10\x64\debug\viewer-core\vncauthentication.obj
e:\main\공개sw개발자대회\0_code\tightvnc-2.7.10\x64\debug\viewer-core.lib
e:\main\공개sw개발자대회\0_code\tightvnc-2.7.10\x64\debug\viewer-core\viewer-core.tlog\cl.read.1.tlog
e:\main\공개sw개발자대회\0_code\tightvnc-2.7.10\x64\debug\viewer-core\viewer-core.tlog\cl.write.1.tlog
e:\main\공개sw개발자대회\0_code\tightvnc-2.7.10\x64\debug\viewer-core\viewer-core.tlog\cl.command.1.tlog
e:\main\공개sw개발자대회\0_code\tightvnc-2.7.10\x64\debug\viewer-core\viewer-core.tlog\lib-link.read.1.tlog
e:\main\공개sw개발자대회\0_code\tightvnc-2.7.10\x64\debug\viewer-core\viewer-core.tlog\lib-link.write.1.tlog
e:\main\공개sw개발자대회\0_code\tightvnc-2.7.10\x64\debug\viewer-core\viewer-core.tlog\lib.command.1.tlog
