빌드 시작: 2015-09-22 오후 6:11:11
     1>4 노드의 "E:\Main\공개SW개발자대회\0_code\tightvnc-2.7.10\fb-update-sender\fb-update-sender.vcxproj" 프로젝트(Rebuild 대상)입니다.
     1>ClCompile:
         C:\Program Files (x86)\Microsoft Visual Studio 12.0\VC\bin\CL.exe /c /I.. /ZI /nologo /W3 /WX- /Od /Oy- /D WIN32 /D _DEBUG /D _LIB /D _UNICODE /D UNICODE /Gm /EHsc /RTC1 /MTd /GS /fp:precise /Zc:wchar_t /Zc:forScope /Fo"E:\Main\공개SW개발자대회\0_code\tightvnc-2.7.10\Debug\fb-update-sender\\" /Fd"E:\Main\공개SW개발자대회\0_code\tightvnc-2.7.10\Debug\fb-update-sender\vc120.pdb" /Gd /TP /analyze- /errorReport:prompt CursorUpdates.cpp UpdateSender.cpp UpdSenderMsgDefs.cpp ViewPort.cpp ViewPortState.cpp
         ViewPortState.cpp
         ViewPort.cpp
         UpdSenderMsgDefs.cpp
         UpdateSender.cpp
         CursorUpdates.cpp
         코드를 생성하고 있습니다...
       Lib:
         C:\Program Files (x86)\Microsoft Visual Studio 12.0\VC\bin\Lib.exe /OUT:"E:\Main\공개SW개발자대회\0_code\tightvnc-2.7.10\Debug\fb-update-sender.lib" /NOLOGO "E:\Main\공개SW개발자대회\0_code\tightvnc-2.7.10\Debug\fb-update-sender\CursorUpdates.obj"
         "E:\Main\공개SW개발자대회\0_code\tightvnc-2.7.10\Debug\fb-update-sender\UpdateSender.obj"
         "E:\Main\공개SW개발자대회\0_code\tightvnc-2.7.10\Debug\fb-update-sender\UpdSenderMsgDefs.obj"
         "E:\Main\공개SW개발자대회\0_code\tightvnc-2.7.10\Debug\fb-update-sender\ViewPort.obj"
         "E:\Main\공개SW개발자대회\0_code\tightvnc-2.7.10\Debug\fb-update-sender\ViewPortState.obj"
         fb-update-sender.vcxproj -> E:\Main\공개SW개발자대회\0_code\tightvnc-2.7.10\Debug\fb-update-sender.lib
     1>"E:\Main\공개SW개발자대회\0_code\tightvnc-2.7.10\fb-update-sender\fb-update-sender.vcxproj" 프로젝트를 빌드했습니다(Rebuild 대상).

빌드했습니다.

경과 시간: 00:00:19.12
