빌드 시작: 2015-09-22 오후 6:11:31
     1>3 노드의 "E:\Main\공개SW개발자대회\0_code\tightvnc-2.7.10\log-server\log-server.vcxproj" 프로젝트(Rebuild 대상)입니다.
     1>ClCompile:
         C:\Program Files (x86)\Microsoft Visual Studio 12.0\VC\bin\CL.exe /c /I.. /ZI /nologo /W3 /WX- /Od /Oy- /D WIN32 /D _DEBUG /D _LIB /D _UNICODE /D UNICODE /Gm /EHsc /RTC1 /MTd /GS /fp:precise /Zc:wchar_t /Zc:forScope /Fo"E:\Main\공개SW개발자대회\0_code\tightvnc-2.7.10\Debug\log-server\\" /Fd"E:\Main\공개SW개발자대회\0_code\tightvnc-2.7.10\Debug\log-server\vc120.pdb" /Gd /TP /analyze- /errorReport:prompt ClientLogger.cpp ConnectionTimer.cpp ListenLogServer.cpp LogConn.cpp LogLevelSender.cpp LogServer.cpp SecurityPipeClient.cpp SecurityPipeServer.cpp
         SecurityPipeServer.cpp
         SecurityPipeClient.cpp
         LogServer.cpp
         LogLevelSender.cpp
         LogConn.cpp
         ListenLogServer.cpp
         ConnectionTimer.cpp
         ClientLogger.cpp
         코드를 생성하고 있습니다...
       Lib:
         C:\Program Files (x86)\Microsoft Visual Studio 12.0\VC\bin\Lib.exe /OUT:"E:\Main\공개SW개발자대회\0_code\tightvnc-2.7.10\Debug\log-server.lib" /NOLOGO "E:\Main\공개SW개발자대회\0_code\tightvnc-2.7.10\Debug\log-server\ClientLogger.obj"
         "E:\Main\공개SW개발자대회\0_code\tightvnc-2.7.10\Debug\log-server\ConnectionTimer.obj"
         "E:\Main\공개SW개발자대회\0_code\tightvnc-2.7.10\Debug\log-server\ListenLogServer.obj"
         "E:\Main\공개SW개발자대회\0_code\tightvnc-2.7.10\Debug\log-server\LogConn.obj"
         "E:\Main\공개SW개발자대회\0_code\tightvnc-2.7.10\Debug\log-server\LogLevelSender.obj"
         "E:\Main\공개SW개발자대회\0_code\tightvnc-2.7.10\Debug\log-server\LogServer.obj"
         "E:\Main\공개SW개발자대회\0_code\tightvnc-2.7.10\Debug\log-server\SecurityPipeClient.obj"
         "E:\Main\공개SW개발자대회\0_code\tightvnc-2.7.10\Debug\log-server\SecurityPipeServer.obj"
         log-server.vcxproj -> E:\Main\공개SW개발자대회\0_code\tightvnc-2.7.10\Debug\log-server.lib
     1>"E:\Main\공개SW개발자대회\0_code\tightvnc-2.7.10\log-server\log-server.vcxproj" 프로젝트를 빌드했습니다(Rebuild 대상).

빌드했습니다.

경과 시간: 00:00:19.37
