빌드 시작: 2015-09-22 오후 6:14:35
     1>2 노드의 "E:\Main\공개SW개발자대회\0_code\tightvnc-2.7.10\thread\thread.vcxproj" 프로젝트(Build 대상)입니다.
     1>ClCompile:
         C:\Program Files (x86)\Microsoft Visual Studio 12.0\VC\bin\CL.exe /c /I.. /ZI /nologo /W3 /WX- /Od /Oy- /D WIN32 /D _DEBUG /D _LIB /D _UNICODE /D UNICODE /Gm /EHsc /RTC1 /MTd /GS /fp:precise /Zc:wchar_t /Zc:forScope /Fo"E:\Main\공개SW개발자대회\0_code\tightvnc-2.7.10\Debug\thread\\" /Fd"E:\Main\공개SW개발자대회\0_code\tightvnc-2.7.10\Debug\thread\vc120.pdb" /Gd /TP /analyze- /FC /errorReport:prompt AutoLock.cpp DesktopSelector.cpp GlobalMutex.cpp GuiThread.cpp LocalMutex.cpp Thread.cpp ThreadCollector.cpp ZombieKiller.cpp
         ZombieKiller.cpp
         ThreadCollector.cpp
         Thread.cpp
         LocalMutex.cpp
         GuiThread.cpp
         GlobalMutex.cpp
         DesktopSelector.cpp
         AutoLock.cpp
         코드를 생성하고 있습니다...
       Lib:
         C:\Program Files (x86)\Microsoft Visual Studio 12.0\VC\bin\Lib.exe /OUT:"E:\Main\공개SW개발자대회\0_code\tightvnc-2.7.10\Debug\thread.lib" /NOLOGO "E:\Main\공개SW개발자대회\0_code\tightvnc-2.7.10\Debug\thread\AutoLock.obj"
         "E:\Main\공개SW개발자대회\0_code\tightvnc-2.7.10\Debug\thread\DesktopSelector.obj"
         "E:\Main\공개SW개발자대회\0_code\tightvnc-2.7.10\Debug\thread\GlobalMutex.obj"
         "E:\Main\공개SW개발자대회\0_code\tightvnc-2.7.10\Debug\thread\GuiThread.obj"
         "E:\Main\공개SW개발자대회\0_code\tightvnc-2.7.10\Debug\thread\LocalMutex.obj"
         "E:\Main\공개SW개발자대회\0_code\tightvnc-2.7.10\Debug\thread\Thread.obj"
         "E:\Main\공개SW개발자대회\0_code\tightvnc-2.7.10\Debug\thread\ThreadCollector.obj"
         "E:\Main\공개SW개발자대회\0_code\tightvnc-2.7.10\Debug\thread\ZombieKiller.obj"
         thread.vcxproj -> E:\Main\공개SW개발자대회\0_code\tightvnc-2.7.10\Debug\thread.lib
     1>"E:\Main\공개SW개발자대회\0_code\tightvnc-2.7.10\thread\thread.vcxproj" 프로젝트를 빌드했습니다(Build 대상).

빌드했습니다.

경과 시간: 00:00:11.46
