e:\main\공개sw개발자대회\0_code\tightvnc-2.7.10\x64\debug\wsconfig-lib\vc120.pdb
e:\main\공개sw개발자대회\0_code\tightvnc-2.7.10\x64\debug\wsconfig-lib\vc120.idb
e:\main\공개sw개발자대회\0_code\tightvnc-2.7.10\x64\debug\wsconfig-lib\administrationconfigdialog.obj
e:\main\공개sw개발자대회\0_code\tightvnc-2.7.10\x64\debug\wsconfig-lib\changepassworddialog.obj
e:\main\공개sw개발자대회\0_code\tightvnc-2.7.10\x64\debug\wsconfig-lib\commoninputvalidation.obj
e:\main\공개sw개발자대회\0_code\tightvnc-2.7.10\x64\debug\wsconfig-lib\configdialog.obj
e:\main\공개sw개발자대회\0_code\tightvnc-2.7.10\x64\debug\wsconfig-lib\editipaccessruledialog.obj
e:\main\공개sw개발자대회\0_code\tightvnc-2.7.10\x64\debug\wsconfig-lib\editportmappingdialog.obj
e:\main\공개sw개발자대회\0_code\tightvnc-2.7.10\x64\debug\wsconfig-lib\ipaccesscontroldialog.obj
e:\main\공개sw개발자대회\0_code\tightvnc-2.7.10\x64\debug\wsconfig-lib\passwordcontrol.obj
e:\main\공개sw개발자대회\0_code\tightvnc-2.7.10\x64\debug\wsconfig-lib\portmappingdialog.obj
e:\main\공개sw개발자대회\0_code\tightvnc-2.7.10\x64\debug\wsconfig-lib\serverconfigdialog.obj
e:\main\공개sw개발자대회\0_code\tightvnc-2.7.10\x64\debug\wsconfig-lib\tvnlogfilename.obj
e:\main\공개sw개발자대회\0_code\tightvnc-2.7.10\x64\debug\wsconfig-lib\uidataaccess.obj
e:\main\공개sw개발자대회\0_code\tightvnc-2.7.10\x64\debug\wsconfig-lib\videoregionsconfigdialog.obj
e:\main\공개sw개발자대회\0_code\tightvnc-2.7.10\x64\debug\wsconfig-lib.lib
e:\main\공개sw개발자대회\0_code\tightvnc-2.7.10\x64\debug\wsconfig-lib\wsconfig-lib.tlog\cl.read.1.tlog
e:\main\공개sw개발자대회\0_code\tightvnc-2.7.10\x64\debug\wsconfig-lib\wsconfig-lib.tlog\cl.write.1.tlog
e:\main\공개sw개발자대회\0_code\tightvnc-2.7.10\x64\debug\wsconfig-lib\wsconfig-lib.tlog\cl.command.1.tlog
e:\main\공개sw개발자대회\0_code\tightvnc-2.7.10\x64\debug\wsconfig-lib\wsconfig-lib.tlog\lib-link.read.1.tlog
e:\main\공개sw개발자대회\0_code\tightvnc-2.7.10\x64\debug\wsconfig-lib\wsconfig-lib.tlog\lib-link.write.1.tlog
e:\main\공개sw개발자대회\0_code\tightvnc-2.7.10\x64\debug\wsconfig-lib\wsconfig-lib.tlog\lib.command.1.tlog
