빌드 시작: 2015-06-15 오전 12:46:52
     1>8 노드의 "C:\Users\Administrator\Desktop\융캡\tightvnc-2.7.10\gui\gui.vcxproj" 프로젝트(Rebuild 대상)입니다.
     1>ClCompile:
         C:\Program Files (x86)\Microsoft Visual Studio 12.0\VC\bin\x86_amd64\CL.exe /c /I. /I.. /Zi /nologo /W3 /WX- /Od /D WIN32 /D _DEBUG /D _LIB /D _CRT_SECURE_NO_WARNINGS /D _UNICODE /D UNICODE /Gm /EHsc /RTC1 /MTd /GS /fp:precise /Zc:wchar_t /Zc:forScope /Fo"C:\Users\Administrator\Desktop\융캡\tightvnc-2.7.10\x64\Debug\gui\\" /Fd"C:\Users\Administrator\Desktop\융캡\tightvnc-2.7.10\x64\Debug\gui\vc120.pdb" /Gd /TP /FC /errorReport:prompt BalloonTip.cpp BaseDialog.cpp BaseWindow.cpp DibFrameBuffer.cpp drawing\Bitmap.cpp drawing\BitmapGraphics.cpp drawing\Brush.cpp CheckBox.cpp ComboBox.cpp CommonControlsEx.cpp Control.cpp drawing\DeviceContext.cpp FilteredTextBox.cpp drawing\Graphics.cpp drawing\Icon.cpp ImagedButton.cpp ListBox.cpp ListView.cpp Menu.cpp MessageWindow.cpp NotifyIcon.cpp NotifyIconWindow.cpp drawing\Pen.cpp PaintWindow.cpp ProgressBar.cpp drawing\SolidBrush.cpp ScrollBar.cpp SpinControl.cpp StringFilter.cpp Tab.cpp TabControl.cpp TextBox.cpp ThemeLib.cpp ToolBar.cpp Tooltip.cpp Trackbar.cpp WindowFinder.cpp WindowProcHolder.cpp
         WindowProcHolder.cpp
         WindowFinder.cpp
         Trackbar.cpp
         Tooltip.cpp
         ToolBar.cpp
         ThemeLib.cpp
         TextBox.cpp
         TabControl.cpp
         Tab.cpp
         StringFilter.cpp
         SpinControl.cpp
         ScrollBar.cpp
         SolidBrush.cpp
         ProgressBar.cpp
         PaintWindow.cpp
         Pen.cpp
         NotifyIconWindow.cpp
         NotifyIcon.cpp
         MessageWindow.cpp
         Menu.cpp
         코드를 생성하고 있습니다...
         컴파일하고 있습니다...
         ListView.cpp
         ListBox.cpp
         ImagedButton.cpp
         Icon.cpp
         Graphics.cpp
         FilteredTextBox.cpp
         DeviceContext.cpp
         Control.cpp
         CommonControlsEx.cpp
         ComboBox.cpp
         CheckBox.cpp
         Brush.cpp
         BitmapGraphics.cpp
         Bitmap.cpp
         DibFrameBuffer.cpp
         BaseWindow.cpp
         BaseDialog.cpp
         BalloonTip.cpp
         코드를 생성하고 있습니다...
       Lib:
         C:\Program Files (x86)\Microsoft Visual Studio 12.0\VC\bin\x86_amd64\Lib.exe /OUT:"C:\Users\Administrator\Desktop\융캡\tightvnc-2.7.10\x64\Debug\gui.lib" /NOLOGO /MACHINE:X64 "C:\Users\Administrator\Desktop\융캡\tightvnc-2.7.10\x64\Debug\gui\BalloonTip.obj"
         "C:\Users\Administrator\Desktop\융캡\tightvnc-2.7.10\x64\Debug\gui\BaseDialog.obj"
         "C:\Users\Administrator\Desktop\융캡\tightvnc-2.7.10\x64\Debug\gui\BaseWindow.obj"
         "C:\Users\Administrator\Desktop\융캡\tightvnc-2.7.10\x64\Debug\gui\DibFrameBuffer.obj"
         "C:\Users\Administrator\Desktop\융캡\tightvnc-2.7.10\x64\Debug\gui\Bitmap.obj"
         "C:\Users\Administrator\Desktop\융캡\tightvnc-2.7.10\x64\Debug\gui\BitmapGraphics.obj"
         "C:\Users\Administrator\Desktop\융캡\tightvnc-2.7.10\x64\Debug\gui\Brush.obj"
         "C:\Users\Administrator\Desktop\융캡\tightvnc-2.7.10\x64\Debug\gui\CheckBox.obj"
         "C:\Users\Administrator\Desktop\융캡\tightvnc-2.7.10\x64\Debug\gui\ComboBox.obj"
         "C:\Users\Administrator\Desktop\융캡\tightvnc-2.7.10\x64\Debug\gui\CommonControlsEx.obj"
         "C:\Users\Administrator\Desktop\융캡\tightvnc-2.7.10\x64\Debug\gui\Control.obj"
         "C:\Users\Administrator\Desktop\융캡\tightvnc-2.7.10\x64\Debug\gui\DeviceContext.obj"
         "C:\Users\Administrator\Desktop\융캡\tightvnc-2.7.10\x64\Debug\gui\FilteredTextBox.obj"
         "C:\Users\Administrator\Desktop\융캡\tightvnc-2.7.10\x64\Debug\gui\Graphics.obj"
         "C:\Users\Administrator\Desktop\융캡\tightvnc-2.7.10\x64\Debug\gui\Icon.obj"
         "C:\Users\Administrator\Desktop\융캡\tightvnc-2.7.10\x64\Debug\gui\ImagedButton.obj"
         "C:\Users\Administrator\Desktop\융캡\tightvnc-2.7.10\x64\Debug\gui\ListBox.obj"
         "C:\Users\Administrator\Desktop\융캡\tightvnc-2.7.10\x64\Debug\gui\ListView.obj"
         "C:\Users\Administrator\Desktop\융캡\tightvnc-2.7.10\x64\Debug\gui\Menu.obj"
         "C:\Users\Administrator\Desktop\융캡\tightvnc-2.7.10\x64\Debug\gui\MessageWindow.obj"
         "C:\Users\Administrator\Desktop\융캡\tightvnc-2.7.10\x64\Debug\gui\NotifyIcon.obj"
         "C:\Users\Administrator\Desktop\융캡\tightvnc-2.7.10\x64\Debug\gui\NotifyIconWindow.obj"
         "C:\Users\Administrator\Desktop\융캡\tightvnc-2.7.10\x64\Debug\gui\Pen.obj"
         "C:\Users\Administrator\Desktop\융캡\tightvnc-2.7.10\x64\Debug\gui\PaintWindow.obj"
         "C:\Users\Administrator\Desktop\융캡\tightvnc-2.7.10\x64\Debug\gui\ProgressBar.obj"
         "C:\Users\Administrator\Desktop\융캡\tightvnc-2.7.10\x64\Debug\gui\SolidBrush.obj"
         "C:\Users\Administrator\Desktop\융캡\tightvnc-2.7.10\x64\Debug\gui\ScrollBar.obj"
         "C:\Users\Administrator\Desktop\융캡\tightvnc-2.7.10\x64\Debug\gui\SpinControl.obj"
         "C:\Users\Administrator\Desktop\융캡\tightvnc-2.7.10\x64\Debug\gui\StringFilter.obj"
         "C:\Users\Administrator\Desktop\융캡\tightvnc-2.7.10\x64\Debug\gui\Tab.obj"
         "C:\Users\Administrator\Desktop\융캡\tightvnc-2.7.10\x64\Debug\gui\TabControl.obj"
         "C:\Users\Administrator\Desktop\융캡\tightvnc-2.7.10\x64\Debug\gui\TextBox.obj"
         "C:\Users\Administrator\Desktop\융캡\tightvnc-2.7.10\x64\Debug\gui\ThemeLib.obj"
         "C:\Users\Administrator\Desktop\융캡\tightvnc-2.7.10\x64\Debug\gui\ToolBar.obj"
         "C:\Users\Administrator\Desktop\융캡\tightvnc-2.7.10\x64\Debug\gui\Tooltip.obj"
         "C:\Users\Administrator\Desktop\융캡\tightvnc-2.7.10\x64\Debug\gui\Trackbar.obj"
         "C:\Users\Administrator\Desktop\융캡\tightvnc-2.7.10\x64\Debug\gui\WindowFinder.obj"
         "C:\Users\Administrator\Desktop\융캡\tightvnc-2.7.10\x64\Debug\gui\WindowProcHolder.obj"
         gui.vcxproj -> C:\Users\Administrator\Desktop\융캡\tightvnc-2.7.10\x64\Debug\gui.lib
     1>"C:\Users\Administrator\Desktop\융캡\tightvnc-2.7.10\gui\gui.vcxproj" 프로젝트를 빌드했습니다(Rebuild 대상).

빌드했습니다.

경과 시간: 00:00:27.67
