e:\main\공개sw개발자대회\0_code\tightvnc-2.7.10\x64\debug\tvncontrol-app\vc120.pdb
e:\main\공개sw개발자대회\0_code\tightvnc-2.7.10\x64\debug\tvncontrol-app\vc120.idb
e:\main\공개sw개발자대회\0_code\tightvnc-2.7.10\x64\debug\tvncontrol-app\namedpipetransport.obj
e:\main\공개sw개발자대회\0_code\tightvnc-2.7.10\x64\debug\tvncontrol-app\notificator.obj
e:\main\공개sw개발자대회\0_code\tightvnc-2.7.10\x64\debug\tvncontrol-app\outgoingconnectiondialog.obj
e:\main\공개sw개발자대회\0_code\tightvnc-2.7.10\x64\debug\tvncontrol-app\reloadconfigcommand.obj
e:\main\공개sw개발자대회\0_code\tightvnc-2.7.10\x64\debug\tvncontrol-app\remoteexception.obj
e:\main\공개sw개발자대회\0_code\tightvnc-2.7.10\x64\debug\tvncontrol-app\rfbclientinfo.obj
e:\main\공개sw개발자대회\0_code\tightvnc-2.7.10\x64\debug\tvncontrol-app\setpasswordsdialog.obj
e:\main\공개sw개발자대회\0_code\tightvnc-2.7.10\x64\debug\tvncontrol-app\shareappcommand.obj
e:\main\공개sw개발자대회\0_code\tightvnc-2.7.10\x64\debug\tvncontrol-app\sharedisplaycommand.obj
e:\main\공개sw개발자대회\0_code\tightvnc-2.7.10\x64\debug\tvncontrol-app\sharefullcommand.obj
e:\main\공개sw개발자대회\0_code\tightvnc-2.7.10\x64\debug\tvncontrol-app\shareprimarycommand.obj
e:\main\공개sw개발자대회\0_code\tightvnc-2.7.10\x64\debug\tvncontrol-app\sharerectcommand.obj
e:\main\공개sw개발자대회\0_code\tightvnc-2.7.10\x64\debug\tvncontrol-app\sharewindowcommand.obj
e:\main\공개sw개발자대회\0_code\tightvnc-2.7.10\x64\debug\tvncontrol-app\shutdowncommand.obj
e:\main\공개sw개발자대회\0_code\tightvnc-2.7.10\x64\debug\tvncontrol-app\socketipv4transport.obj
e:\main\공개sw개발자대회\0_code\tightvnc-2.7.10\x64\debug\tvncontrol-app\tcpdispatcherconnectiondialog.obj
e:\main\공개sw개발자대회\0_code\tightvnc-2.7.10\x64\debug\tvncontrol-app\transport.obj
e:\main\공개sw개발자대회\0_code\tightvnc-2.7.10\x64\debug\tvncontrol-app\transportfactory.obj
e:\main\공개sw개발자대회\0_code\tightvnc-2.7.10\x64\debug\tvncontrol-app\updatelocalconfigcommand.obj
e:\main\공개sw개발자대회\0_code\tightvnc-2.7.10\x64\debug\tvncontrol-app\updateremoteconfigcommand.obj
e:\main\공개sw개발자대회\0_code\tightvnc-2.7.10\x64\debug\tvncontrol-app\aboutdialog.obj
e:\main\공개sw개발자대회\0_code\tightvnc-2.7.10\x64\debug\tvncontrol-app\connectcommand.obj
e:\main\공개sw개발자대회\0_code\tightvnc-2.7.10\x64\debug\tvncontrol-app\connectstringparser.obj
e:\main\공개sw개발자대회\0_code\tightvnc-2.7.10\x64\debug\tvncontrol-app\controlapplication.obj
e:\main\공개sw개발자대회\0_code\tightvnc-2.7.10\x64\debug\tvncontrol-app\controlauth.obj
e:\main\공개sw개발자대회\0_code\tightvnc-2.7.10\x64\debug\tvncontrol-app\controlauthdialog.obj
e:\main\공개sw개발자대회\0_code\tightvnc-2.7.10\x64\debug\tvncontrol-app\controlauthexception.obj
e:\main\공개sw개발자대회\0_code\tightvnc-2.7.10\x64\debug\tvncontrol-app\controlcommand.obj
e:\main\공개sw개발자대회\0_code\tightvnc-2.7.10\x64\debug\tvncontrol-app\controlcommandline.obj
e:\main\공개sw개발자대회\0_code\tightvnc-2.7.10\x64\debug\tvncontrol-app\controlgate.obj
e:\main\공개sw개발자대회\0_code\tightvnc-2.7.10\x64\debug\tvncontrol-app\controlmessage.obj
e:\main\공개sw개발자대회\0_code\tightvnc-2.7.10\x64\debug\tvncontrol-app\controlpipename.obj
e:\main\공개sw개발자대회\0_code\tightvnc-2.7.10\x64\debug\tvncontrol-app\controlproxy.obj
e:\main\공개sw개발자대회\0_code\tightvnc-2.7.10\x64\debug\tvncontrol-app\controltrayicon.obj
e:\main\공개sw개발자대회\0_code\tightvnc-2.7.10\x64\debug\tvncontrol-app\disconnectallcommand.obj
e:\main\공개sw개발자대회\0_code\tightvnc-2.7.10\x64\debug\tvncontrol-app\makerfbconnectioncommand.obj
e:\main\공개sw개발자대회\0_code\tightvnc-2.7.10\x64\debug\tvncontrol-app\maketcpdispatcherconncommand.obj
e:\main\공개sw개발자대회\0_code\tightvnc-2.7.10\x64\debug\tvncontrol-app.lib
e:\main\공개sw개발자대회\0_code\tightvnc-2.7.10\x64\debug\tvncontrol-app\tvncontrol-app.tlog\cl.read.1.tlog
e:\main\공개sw개발자대회\0_code\tightvnc-2.7.10\x64\debug\tvncontrol-app\tvncontrol-app.tlog\cl.write.1.tlog
e:\main\공개sw개발자대회\0_code\tightvnc-2.7.10\x64\debug\tvncontrol-app\tvncontrol-app.tlog\cl.command.1.tlog
e:\main\공개sw개발자대회\0_code\tightvnc-2.7.10\x64\debug\tvncontrol-app\tvncontrol-app.tlog\lib-link.read.1.tlog
e:\main\공개sw개발자대회\0_code\tightvnc-2.7.10\x64\debug\tvncontrol-app\tvncontrol-app.tlog\lib-link.write.1.tlog
e:\main\공개sw개발자대회\0_code\tightvnc-2.7.10\x64\debug\tvncontrol-app\tvncontrol-app.tlog\lib.command.1.tlog
