c:\users\administrator\desktop\융캡\tightvnc-2.7.10\x64\debug\tvncontrol-app\vc120.pdb
c:\users\administrator\desktop\융캡\tightvnc-2.7.10\x64\debug\tvncontrol-app\vc120.idb
c:\users\administrator\desktop\융캡\tightvnc-2.7.10\x64\debug\tvncontrol-app\namedpipetransport.obj
c:\users\administrator\desktop\융캡\tightvnc-2.7.10\x64\debug\tvncontrol-app\notificator.obj
c:\users\administrator\desktop\융캡\tightvnc-2.7.10\x64\debug\tvncontrol-app\outgoingconnectiondialog.obj
c:\users\administrator\desktop\융캡\tightvnc-2.7.10\x64\debug\tvncontrol-app\reloadconfigcommand.obj
c:\users\administrator\desktop\융캡\tightvnc-2.7.10\x64\debug\tvncontrol-app\remoteexception.obj
c:\users\administrator\desktop\융캡\tightvnc-2.7.10\x64\debug\tvncontrol-app\rfbclientinfo.obj
c:\users\administrator\desktop\융캡\tightvnc-2.7.10\x64\debug\tvncontrol-app\setpasswordsdialog.obj
c:\users\administrator\desktop\융캡\tightvnc-2.7.10\x64\debug\tvncontrol-app\shareappcommand.obj
c:\users\administrator\desktop\융캡\tightvnc-2.7.10\x64\debug\tvncontrol-app\sharedisplaycommand.obj
c:\users\administrator\desktop\융캡\tightvnc-2.7.10\x64\debug\tvncontrol-app\sharefullcommand.obj
c:\users\administrator\desktop\융캡\tightvnc-2.7.10\x64\debug\tvncontrol-app\shareprimarycommand.obj
c:\users\administrator\desktop\융캡\tightvnc-2.7.10\x64\debug\tvncontrol-app\sharerectcommand.obj
c:\users\administrator\desktop\융캡\tightvnc-2.7.10\x64\debug\tvncontrol-app\sharewindowcommand.obj
c:\users\administrator\desktop\융캡\tightvnc-2.7.10\x64\debug\tvncontrol-app\shutdowncommand.obj
c:\users\administrator\desktop\융캡\tightvnc-2.7.10\x64\debug\tvncontrol-app\socketipv4transport.obj
c:\users\administrator\desktop\융캡\tightvnc-2.7.10\x64\debug\tvncontrol-app\tcpdispatcherconnectiondialog.obj
c:\users\administrator\desktop\융캡\tightvnc-2.7.10\x64\debug\tvncontrol-app\transport.obj
c:\users\administrator\desktop\융캡\tightvnc-2.7.10\x64\debug\tvncontrol-app\transportfactory.obj
c:\users\administrator\desktop\융캡\tightvnc-2.7.10\x64\debug\tvncontrol-app\updatelocalconfigcommand.obj
c:\users\administrator\desktop\융캡\tightvnc-2.7.10\x64\debug\tvncontrol-app\updateremoteconfigcommand.obj
c:\users\administrator\desktop\융캡\tightvnc-2.7.10\x64\debug\tvncontrol-app\aboutdialog.obj
c:\users\administrator\desktop\융캡\tightvnc-2.7.10\x64\debug\tvncontrol-app\connectcommand.obj
c:\users\administrator\desktop\융캡\tightvnc-2.7.10\x64\debug\tvncontrol-app\connectstringparser.obj
c:\users\administrator\desktop\융캡\tightvnc-2.7.10\x64\debug\tvncontrol-app\controlapplication.obj
c:\users\administrator\desktop\융캡\tightvnc-2.7.10\x64\debug\tvncontrol-app\controlauth.obj
c:\users\administrator\desktop\융캡\tightvnc-2.7.10\x64\debug\tvncontrol-app\controlauthdialog.obj
c:\users\administrator\desktop\융캡\tightvnc-2.7.10\x64\debug\tvncontrol-app\controlauthexception.obj
c:\users\administrator\desktop\융캡\tightvnc-2.7.10\x64\debug\tvncontrol-app\controlcommand.obj
c:\users\administrator\desktop\융캡\tightvnc-2.7.10\x64\debug\tvncontrol-app\controlcommandline.obj
c:\users\administrator\desktop\융캡\tightvnc-2.7.10\x64\debug\tvncontrol-app\controlgate.obj
c:\users\administrator\desktop\융캡\tightvnc-2.7.10\x64\debug\tvncontrol-app\controlmessage.obj
c:\users\administrator\desktop\융캡\tightvnc-2.7.10\x64\debug\tvncontrol-app\controlpipename.obj
c:\users\administrator\desktop\융캡\tightvnc-2.7.10\x64\debug\tvncontrol-app\controlproxy.obj
c:\users\administrator\desktop\융캡\tightvnc-2.7.10\x64\debug\tvncontrol-app\controltrayicon.obj
c:\users\administrator\desktop\융캡\tightvnc-2.7.10\x64\debug\tvncontrol-app\disconnectallcommand.obj
c:\users\administrator\desktop\융캡\tightvnc-2.7.10\x64\debug\tvncontrol-app\makerfbconnectioncommand.obj
c:\users\administrator\desktop\융캡\tightvnc-2.7.10\x64\debug\tvncontrol-app\maketcpdispatcherconncommand.obj
c:\users\administrator\desktop\융캡\tightvnc-2.7.10\x64\debug\tvncontrol-app.lib
c:\users\administrator\desktop\융캡\tightvnc-2.7.10\x64\debug\tvncontrol-app\tvncontrol-app.tlog\cl.command.1.tlog
c:\users\administrator\desktop\융캡\tightvnc-2.7.10\x64\debug\tvncontrol-app\tvncontrol-app.tlog\cl.read.1.tlog
c:\users\administrator\desktop\융캡\tightvnc-2.7.10\x64\debug\tvncontrol-app\tvncontrol-app.tlog\cl.write.1.tlog
c:\users\administrator\desktop\융캡\tightvnc-2.7.10\x64\debug\tvncontrol-app\tvncontrol-app.tlog\lib-link.read.1.tlog
c:\users\administrator\desktop\융캡\tightvnc-2.7.10\x64\debug\tvncontrol-app\tvncontrol-app.tlog\lib-link.write.1.tlog
c:\users\administrator\desktop\융캡\tightvnc-2.7.10\x64\debug\tvncontrol-app\tvncontrol-app.tlog\lib.command.1.tlog
