빌드 시작: 2015-06-15 오전 12:35:56
     1>5 노드의 "C:\Users\Administrator\Desktop\융캡\tightvnc-2.7.10\tvnserver\tvnserver.vcxproj" 프로젝트(Rebuild 대상)입니다.
     1>ClCompile:
         C:\Program Files (x86)\Microsoft Visual Studio 12.0\VC\bin\x86_amd64\CL.exe /c /I.. /Zi /nologo /W3 /WX- /Od /Ot /D WIN32 /D _DEBUG /D _WINDOWS /D _UNICODE /D UNICODE /Gm /EHsc /RTC1 /MTd /GS /fp:precise /Zc:wchar_t /Zc:forScope /Fo"C:\Users\Administrator\Desktop\융캡\tightvnc-2.7.10\x64\Debug\tvnserver\\" /Fd"C:\Users\Administrator\Desktop\융캡\tightvnc-2.7.10\x64\Debug\tvnserver\vc120.pdb" /Gd /TP /errorReport:prompt BuildTime.cpp tvnserver.cpp
         tvnserver.cpp
         BuildTime.cpp
         코드를 생성하고 있습니다...
       ResourceCompile:
         C:\Program Files (x86)\Windows Kits\8.1\bin\x86\rc.exe /D _UNICODE /D UNICODE /l"0x0409" /nologo /fo"C:\Users\Administrator\Desktop\융캡\tightvnc-2.7.10\x64\Debug\tvnserver\MessageProvider.res" ..\win-event-log\MessageProvider.rc 
         C:\Program Files (x86)\Windows Kits\8.1\bin\x86\rc.exe /D _UNICODE /D UNICODE /l"0x0409" /nologo /fo"C:\Users\Administrator\Desktop\융캡\tightvnc-2.7.10\x64\Debug\tvnserver\tvnserver.res" tvnserver.rc 
       PreLinkEvent:
         cl /MTd /Fo"C:\Users\Administrator\Desktop\융캡\tightvnc-2.7.10\x64\Debug\tvnserver\ "  /nologo /D_UNICODE /c BuildTime.cpp
         :VCEnd
         BuildTime.cpp
       Link:
         C:\Program Files (x86)\Microsoft Visual Studio 12.0\VC\bin\x86_amd64\link.exe /ERRORREPORT:PROMPT /OUT:"C:\Users\Administrator\Desktop\융캡\tightvnc-2.7.10\x64\Debug\tvnserver.exe" /INCREMENTAL /NOLOGO comctl32.lib "C:\Users\Administrator\Desktop\융캡\tightvnc-2.7.10\libjpeg-turbo\jpeg-static-64.lib" kernel32.lib user32.lib gdi32.lib winspool.lib comdlg32.lib advapi32.lib shell32.lib ole32.lib oleaut32.lib uuid.lib odbc32.lib odbccp32.lib /MANIFEST /MANIFESTDEPENDENCY:"type='Win32' name='Microsoft.Windows.Common-Controls' version='6.0.0.0' processorArchitecture='amd64' publicKeyToken='6595b64144ccf1df' language='*'" /MANIFESTUAC:"level='asInvoker' uiAccess='false'" /manifest:embed /manifestinput:DPIAware.manifest /DEBUG /PDB:"C:\Users\Administrator\Desktop\융캡\tightvnc-2.7.10\x64\Debug\tvnserver.pdb" /SUBSYSTEM:WINDOWS /TLBID:1 /DYNAMICBASE /NXCOMPAT /IMPLIB:"C:\Users\Administrator\Desktop\융캡\tightvnc-2.7.10\x64\Debug\tvnserver.lib" /MACHINE:X64 "C:\Users\Administrator\Desktop\융캡\tightvnc-2.7.10\x64\Debug\tvnserver\MessageProvider.res"
         "C:\Users\Administrator\Desktop\융캡\tightvnc-2.7.10\x64\Debug\tvnserver\tvnserver.res"
         "C:\Users\Administrator\Desktop\융캡\tightvnc-2.7.10\x64\Debug\tvnserver\BuildTime.obj"
         "C:\Users\Administrator\Desktop\융캡\tightvnc-2.7.10\x64\Debug\tvnserver\tvnserver.obj"
         "C:\Users\Administrator\Desktop\융캡\tightvnc-2.7.10\x64\Debug\config-lib.lib"
         "C:\Users\Administrator\Desktop\융캡\tightvnc-2.7.10\x64\Debug\desktop-ipc.lib"
         "C:\Users\Administrator\Desktop\융캡\tightvnc-2.7.10\x64\Debug\desktop.lib"
         "C:\Users\Administrator\Desktop\융캡\tightvnc-2.7.10\x64\Debug\fb-update-sender.lib"
         "C:\Users\Administrator\Desktop\융캡\tightvnc-2.7.10\x64\Debug\file-lib.lib"
         "C:\Users\Administrator\Desktop\융캡\tightvnc-2.7.10\x64\Debug\ft-common.lib"
         "C:\Users\Administrator\Desktop\융캡\tightvnc-2.7.10\x64\Debug\ft-server-lib.lib"
         "C:\Users\Administrator\Desktop\융캡\tightvnc-2.7.10\x64\Debug\gui.lib"
         "C:\Users\Administrator\Desktop\융캡\tightvnc-2.7.10\x64\Debug\util.lib"
         "C:\Users\Administrator\Desktop\융캡\tightvnc-2.7.10\x64\Debug\http-server-lib.lib"
         "C:\Users\Administrator\Desktop\융캡\tightvnc-2.7.10\x64\Debug\io-lib.lib"
         "C:\Users\Administrator\Desktop\융캡\tightvnc-2.7.10\x64\Debug\log-server.lib"
         "C:\Users\Administrator\Desktop\융캡\tightvnc-2.7.10\x64\Debug\log-writer.lib"
         "C:\Users\Administrator\Desktop\융캡\tightvnc-2.7.10\x64\Debug\network.lib"
         "C:\Users\Administrator\Desktop\융캡\tightvnc-2.7.10\x64\Debug\region.lib"
         "C:\Users\Administrator\Desktop\융캡\tightvnc-2.7.10\x64\Debug\rfb-sconn.lib"
         "C:\Users\Administrator\Desktop\융캡\tightvnc-2.7.10\x64\Debug\rfb.lib"
         "C:\Users\Administrator\Desktop\융캡\tightvnc-2.7.10\x64\Debug\server-config-lib.lib"
         "C:\Users\Administrator\Desktop\융캡\tightvnc-2.7.10\x64\Debug\tcp-dispatcher.lib"
         "C:\Users\Administrator\Desktop\융캡\tightvnc-2.7.10\x64\Debug\win-event-log.lib"
         "C:\Users\Administrator\Desktop\융캡\tightvnc-2.7.10\x64\Debug\thread.lib"
         "C:\Users\Administrator\Desktop\융캡\tightvnc-2.7.10\x64\Debug\tvncontrol-app.lib"
         "C:\Users\Administrator\Desktop\융캡\tightvnc-2.7.10\x64\Debug\tvnserver-app.lib"
         "C:\Users\Administrator\Desktop\융캡\tightvnc-2.7.10\x64\Debug\win-system.lib"
         "C:\Users\Administrator\Desktop\융캡\tightvnc-2.7.10\x64\Debug\wsconfig-lib.lib"
         "C:\Users\Administrator\Desktop\융캡\tightvnc-2.7.10\x64\Debug\zlib.lib"
         "C:\Users\Administrator\Desktop\융캡\tightvnc-2.7.10\x64\Debug\screenhooks64.lib"
     1>LIBCMTD.lib(crt0init.obj) : warning LNK4098: 'libcmt.lib' defaultlib가 다른 라이브러리와 충돌합니다. /NODEFAULTLIB:library를 사용하십시오.
         tvnserver.vcxproj -> C:\Users\Administrator\Desktop\융캡\tightvnc-2.7.10\x64\Debug\tvnserver.exe
     1>"C:\Users\Administrator\Desktop\융캡\tightvnc-2.7.10\tvnserver\tvnserver.vcxproj" 프로젝트를 빌드했습니다(Rebuild 대상).

빌드했습니다.

경과 시간: 00:00:05.04
