e:\main\공개sw개발자대회\0_code\tightvnc-2.7.10\x64\debug\rfb\vc120.pdb
e:\main\공개sw개발자대회\0_code\tightvnc-2.7.10\x64\debug\rfb\vc120.idb
e:\main\공개sw개발자대회\0_code\tightvnc-2.7.10\x64\debug\rfb\authdefs.obj
e:\main\공개sw개발자대회\0_code\tightvnc-2.7.10\x64\debug\rfb\cursorshape.obj
e:\main\공개sw개발자대회\0_code\tightvnc-2.7.10\x64\debug\rfb\framebuffer.obj
e:\main\공개sw개발자대회\0_code\tightvnc-2.7.10\x64\debug\rfb\hostpath.obj
e:\main\공개sw개발자대회\0_code\tightvnc-2.7.10\x64\debug\rfb\msgdefs.obj
e:\main\공개sw개발자대회\0_code\tightvnc-2.7.10\x64\debug\rfb\pixelformat.obj
e:\main\공개sw개발자대회\0_code\tightvnc-2.7.10\x64\debug\rfb\rfbkeysym.obj
e:\main\공개sw개발자대회\0_code\tightvnc-2.7.10\x64\debug\rfb\standardpixelformatfactory.obj
e:\main\공개sw개발자대회\0_code\tightvnc-2.7.10\x64\debug\rfb\tunneldefs.obj
e:\main\공개sw개발자대회\0_code\tightvnc-2.7.10\x64\debug\rfb\vendordefs.obj
e:\main\공개sw개발자대회\0_code\tightvnc-2.7.10\x64\debug\rfb\encodingdefs.obj
e:\main\공개sw개발자대회\0_code\tightvnc-2.7.10\x64\debug\rfb\pixelconverter.obj
e:\main\공개sw개발자대회\0_code\tightvnc-2.7.10\x64\debug\rfb.lib
e:\main\공개sw개발자대회\0_code\tightvnc-2.7.10\x64\debug\rfb\rfb.tlog\cl.read.1.tlog
e:\main\공개sw개발자대회\0_code\tightvnc-2.7.10\x64\debug\rfb\rfb.tlog\cl.write.1.tlog
e:\main\공개sw개발자대회\0_code\tightvnc-2.7.10\x64\debug\rfb\rfb.tlog\cl.command.1.tlog
e:\main\공개sw개발자대회\0_code\tightvnc-2.7.10\x64\debug\rfb\rfb.tlog\lib-link.read.1.tlog
e:\main\공개sw개발자대회\0_code\tightvnc-2.7.10\x64\debug\rfb\rfb.tlog\lib-link.write.1.tlog
e:\main\공개sw개발자대회\0_code\tightvnc-2.7.10\x64\debug\rfb\rfb.tlog\lib.command.1.tlog
