빌드 시작: 2015-06-15 오전 12:35:28
     1>7 노드의 "C:\Users\Administrator\Desktop\융캡\tightvnc-2.7.10\fb-update-sender\fb-update-sender.vcxproj" 프로젝트(Rebuild 대상)입니다.
     1>ClCompile:
         C:\Program Files (x86)\Microsoft Visual Studio 12.0\VC\bin\x86_amd64\CL.exe /c /I.. /Zi /nologo /W3 /WX- /Od /D WIN32 /D _DEBUG /D _LIB /D _UNICODE /D UNICODE /Gm /EHsc /RTC1 /MTd /GS /fp:precise /Zc:wchar_t /Zc:forScope /Fo"C:\Users\Administrator\Desktop\융캡\tightvnc-2.7.10\x64\Debug\fb-update-sender\\" /Fd"C:\Users\Administrator\Desktop\융캡\tightvnc-2.7.10\x64\Debug\fb-update-sender\vc120.pdb" /Gd /TP /errorReport:prompt CursorUpdates.cpp UpdateSender.cpp UpdSenderMsgDefs.cpp ViewPort.cpp ViewPortState.cpp
         ViewPortState.cpp
         ViewPort.cpp
         UpdSenderMsgDefs.cpp
         UpdateSender.cpp
         CursorUpdates.cpp
         코드를 생성하고 있습니다...
       Lib:
         C:\Program Files (x86)\Microsoft Visual Studio 12.0\VC\bin\x86_amd64\Lib.exe /OUT:"C:\Users\Administrator\Desktop\융캡\tightvnc-2.7.10\x64\Debug\fb-update-sender.lib" /NOLOGO /MACHINE:X64 "C:\Users\Administrator\Desktop\융캡\tightvnc-2.7.10\x64\Debug\fb-update-sender\CursorUpdates.obj"
         "C:\Users\Administrator\Desktop\융캡\tightvnc-2.7.10\x64\Debug\fb-update-sender\UpdateSender.obj"
         "C:\Users\Administrator\Desktop\융캡\tightvnc-2.7.10\x64\Debug\fb-update-sender\UpdSenderMsgDefs.obj"
         "C:\Users\Administrator\Desktop\융캡\tightvnc-2.7.10\x64\Debug\fb-update-sender\ViewPort.obj"
         "C:\Users\Administrator\Desktop\융캡\tightvnc-2.7.10\x64\Debug\fb-update-sender\ViewPortState.obj"
         fb-update-sender.vcxproj -> C:\Users\Administrator\Desktop\융캡\tightvnc-2.7.10\x64\Debug\fb-update-sender.lib
     1>"C:\Users\Administrator\Desktop\융캡\tightvnc-2.7.10\fb-update-sender\fb-update-sender.vcxproj" 프로젝트를 빌드했습니다(Rebuild 대상).

빌드했습니다.

경과 시간: 00:00:02.81
