e:\main\공개sw개발자대회\0_code\tightvnc-2.7.10\x64\debug\gui\vc120.pdb
e:\main\공개sw개발자대회\0_code\tightvnc-2.7.10\x64\debug\gui\vc120.idb
e:\main\공개sw개발자대회\0_code\tightvnc-2.7.10\x64\debug\gui\menu.obj
e:\main\공개sw개발자대회\0_code\tightvnc-2.7.10\x64\debug\gui\messagewindow.obj
e:\main\공개sw개발자대회\0_code\tightvnc-2.7.10\x64\debug\gui\notifyicon.obj
e:\main\공개sw개발자대회\0_code\tightvnc-2.7.10\x64\debug\gui\notifyiconwindow.obj
e:\main\공개sw개발자대회\0_code\tightvnc-2.7.10\x64\debug\gui\pen.obj
e:\main\공개sw개발자대회\0_code\tightvnc-2.7.10\x64\debug\gui\paintwindow.obj
e:\main\공개sw개발자대회\0_code\tightvnc-2.7.10\x64\debug\gui\progressbar.obj
e:\main\공개sw개발자대회\0_code\tightvnc-2.7.10\x64\debug\gui\solidbrush.obj
e:\main\공개sw개발자대회\0_code\tightvnc-2.7.10\x64\debug\gui\scrollbar.obj
e:\main\공개sw개발자대회\0_code\tightvnc-2.7.10\x64\debug\gui\spincontrol.obj
e:\main\공개sw개발자대회\0_code\tightvnc-2.7.10\x64\debug\gui\stringfilter.obj
e:\main\공개sw개발자대회\0_code\tightvnc-2.7.10\x64\debug\gui\tab.obj
e:\main\공개sw개발자대회\0_code\tightvnc-2.7.10\x64\debug\gui\tabcontrol.obj
e:\main\공개sw개발자대회\0_code\tightvnc-2.7.10\x64\debug\gui\textbox.obj
e:\main\공개sw개발자대회\0_code\tightvnc-2.7.10\x64\debug\gui\themelib.obj
e:\main\공개sw개발자대회\0_code\tightvnc-2.7.10\x64\debug\gui\toolbar.obj
e:\main\공개sw개발자대회\0_code\tightvnc-2.7.10\x64\debug\gui\tooltip.obj
e:\main\공개sw개발자대회\0_code\tightvnc-2.7.10\x64\debug\gui\trackbar.obj
e:\main\공개sw개발자대회\0_code\tightvnc-2.7.10\x64\debug\gui\windowfinder.obj
e:\main\공개sw개발자대회\0_code\tightvnc-2.7.10\x64\debug\gui\windowprocholder.obj
e:\main\공개sw개발자대회\0_code\tightvnc-2.7.10\x64\debug\gui\balloontip.obj
e:\main\공개sw개발자대회\0_code\tightvnc-2.7.10\x64\debug\gui\basedialog.obj
e:\main\공개sw개발자대회\0_code\tightvnc-2.7.10\x64\debug\gui\basewindow.obj
e:\main\공개sw개발자대회\0_code\tightvnc-2.7.10\x64\debug\gui\dibframebuffer.obj
e:\main\공개sw개발자대회\0_code\tightvnc-2.7.10\x64\debug\gui\bitmap.obj
e:\main\공개sw개발자대회\0_code\tightvnc-2.7.10\x64\debug\gui\bitmapgraphics.obj
e:\main\공개sw개발자대회\0_code\tightvnc-2.7.10\x64\debug\gui\brush.obj
e:\main\공개sw개발자대회\0_code\tightvnc-2.7.10\x64\debug\gui\checkbox.obj
e:\main\공개sw개발자대회\0_code\tightvnc-2.7.10\x64\debug\gui\combobox.obj
e:\main\공개sw개발자대회\0_code\tightvnc-2.7.10\x64\debug\gui\commoncontrolsex.obj
e:\main\공개sw개발자대회\0_code\tightvnc-2.7.10\x64\debug\gui\control.obj
e:\main\공개sw개발자대회\0_code\tightvnc-2.7.10\x64\debug\gui\devicecontext.obj
e:\main\공개sw개발자대회\0_code\tightvnc-2.7.10\x64\debug\gui\filteredtextbox.obj
e:\main\공개sw개발자대회\0_code\tightvnc-2.7.10\x64\debug\gui\graphics.obj
e:\main\공개sw개발자대회\0_code\tightvnc-2.7.10\x64\debug\gui\icon.obj
e:\main\공개sw개발자대회\0_code\tightvnc-2.7.10\x64\debug\gui\imagedbutton.obj
e:\main\공개sw개발자대회\0_code\tightvnc-2.7.10\x64\debug\gui\listbox.obj
e:\main\공개sw개발자대회\0_code\tightvnc-2.7.10\x64\debug\gui\listview.obj
e:\main\공개sw개발자대회\0_code\tightvnc-2.7.10\x64\debug\gui.lib
e:\main\공개sw개발자대회\0_code\tightvnc-2.7.10\x64\debug\gui\gui.tlog\cl.read.1.tlog
e:\main\공개sw개발자대회\0_code\tightvnc-2.7.10\x64\debug\gui\gui.tlog\cl.write.1.tlog
e:\main\공개sw개발자대회\0_code\tightvnc-2.7.10\x64\debug\gui\gui.tlog\cl.command.1.tlog
e:\main\공개sw개발자대회\0_code\tightvnc-2.7.10\x64\debug\gui\gui.tlog\lib-link.read.1.tlog
e:\main\공개sw개발자대회\0_code\tightvnc-2.7.10\x64\debug\gui\gui.tlog\lib-link.write.1.tlog
e:\main\공개sw개발자대회\0_code\tightvnc-2.7.10\x64\debug\gui\gui.tlog\lib.command.1.tlog
