빌드 시작: 2015-09-23 오후 7:03:56
     1>4 노드의 "E:\Main\공개SW개발자대회\0_code\tightvnc-2.7.10\ft-common\ft-common.vcxproj" 프로젝트(Build 대상)입니다.
     1>ClCompile:
         C:\Program Files (x86)\Microsoft Visual Studio 12.0\VC\bin\x86_amd64\CL.exe /c /I. /I.. /Zi /nologo /W3 /WX- /Od /D WIN32 /D _DEBUG /D _LIB /D _UNICODE /D UNICODE /Gm /EHsc /RTC1 /MTd /GS /fp:precise /Zc:wchar_t /Zc:forScope /Fo"E:\Main\공개SW개발자대회\0_code\tightvnc-2.7.10\x64\Debug\ft-common\\" /Fd"E:\Main\공개SW개발자대회\0_code\tightvnc-2.7.10\x64\Debug\ft-common\vc120.pdb" /Gd /TP /errorReport:prompt FileInfo.cpp FileTransferException.cpp FolderListener.cpp FTMessage.cpp OperationNotSupportedException.cpp WinFilePath.cpp
         WinFilePath.cpp
         OperationNotSupportedException.cpp
         FTMessage.cpp
         FolderListener.cpp
         FileTransferException.cpp
         FileInfo.cpp
         코드를 생성하고 있습니다...
       Lib:
         C:\Program Files (x86)\Microsoft Visual Studio 12.0\VC\bin\x86_amd64\Lib.exe /OUT:"E:\Main\공개SW개발자대회\0_code\tightvnc-2.7.10\x64\Debug\ft-common.lib" /NOLOGO /MACHINE:X64 "E:\Main\공개SW개발자대회\0_code\tightvnc-2.7.10\x64\Debug\ft-common\FileInfo.obj"
         "E:\Main\공개SW개발자대회\0_code\tightvnc-2.7.10\x64\Debug\ft-common\FileTransferException.obj"
         "E:\Main\공개SW개발자대회\0_code\tightvnc-2.7.10\x64\Debug\ft-common\FolderListener.obj"
         "E:\Main\공개SW개발자대회\0_code\tightvnc-2.7.10\x64\Debug\ft-common\FTMessage.obj"
         "E:\Main\공개SW개발자대회\0_code\tightvnc-2.7.10\x64\Debug\ft-common\OperationNotSupportedException.obj"
         "E:\Main\공개SW개발자대회\0_code\tightvnc-2.7.10\x64\Debug\ft-common\WinFilePath.obj"
         ft-common.vcxproj -> E:\Main\공개SW개발자대회\0_code\tightvnc-2.7.10\x64\Debug\ft-common.lib
     1>"E:\Main\공개SW개발자대회\0_code\tightvnc-2.7.10\ft-common\ft-common.vcxproj" 프로젝트를 빌드했습니다(Build 대상).

빌드했습니다.

경과 시간: 00:00:15.92
