빌드 시작: 2015-09-22 오후 6:09:44
     1>2 노드의 "E:\Main\공개SW개발자대회\0_code\tightvnc-2.7.10\desktop-ipc\desktop-ipc.vcxproj" 프로젝트(Rebuild 대상)입니다.
     1>ClCompile:
         C:\Program Files (x86)\Microsoft Visual Studio 12.0\VC\bin\CL.exe /c /I.. /ZI /nologo /W3 /WX- /Od /Oy- /D WIN32 /D _DEBUG /D _LIB /D _UNICODE /D UNICODE /Gm /EHsc /RTC1 /MTd /GS /fp:precise /Zc:wchar_t /Zc:forScope /Fo"E:\Main\공개SW개발자대회\0_code\tightvnc-2.7.10\Debug\desktop-ipc\\" /Fd"E:\Main\공개SW개발자대회\0_code\tightvnc-2.7.10\Debug\desktop-ipc\vc120.pdb" /Gd /TP /analyze- /errorReport:prompt BlockingGate.cpp BlockingInputGate.cpp BlockingOutputGate.cpp ClientListener.cpp ConfigServer.cpp DesktopConfigClient.cpp DesktopServerProto.cpp DesktopSrvDispatcher.cpp GateKicker.cpp GateKickHandler.cpp ReconnectException.cpp ReconnectingChannel.cpp UpdateHandlerClient.cpp UpdateHandlerServer.cpp UserInputClient.cpp UserInputServer.cpp
         UserInputServer.cpp
         UserInputClient.cpp
         UpdateHandlerServer.cpp
         UpdateHandlerClient.cpp
         ReconnectingChannel.cpp
         ReconnectException.cpp
         GateKickHandler.cpp
         GateKicker.cpp
         DesktopSrvDispatcher.cpp
         DesktopServerProto.cpp
         DesktopConfigClient.cpp
         ConfigServer.cpp
         ClientListener.cpp
         BlockingOutputGate.cpp
         BlockingInputGate.cpp
         BlockingGate.cpp
         코드를 생성하고 있습니다...
       Lib:
         C:\Program Files (x86)\Microsoft Visual Studio 12.0\VC\bin\Lib.exe /OUT:"E:\Main\공개SW개발자대회\0_code\tightvnc-2.7.10\Debug\desktop-ipc.lib" /NOLOGO "E:\Main\공개SW개발자대회\0_code\tightvnc-2.7.10\Debug\desktop-ipc\BlockingGate.obj"
         "E:\Main\공개SW개발자대회\0_code\tightvnc-2.7.10\Debug\desktop-ipc\BlockingInputGate.obj"
         "E:\Main\공개SW개발자대회\0_code\tightvnc-2.7.10\Debug\desktop-ipc\BlockingOutputGate.obj"
         "E:\Main\공개SW개발자대회\0_code\tightvnc-2.7.10\Debug\desktop-ipc\ClientListener.obj"
         "E:\Main\공개SW개발자대회\0_code\tightvnc-2.7.10\Debug\desktop-ipc\ConfigServer.obj"
         "E:\Main\공개SW개발자대회\0_code\tightvnc-2.7.10\Debug\desktop-ipc\DesktopConfigClient.obj"
         "E:\Main\공개SW개발자대회\0_code\tightvnc-2.7.10\Debug\desktop-ipc\DesktopServerProto.obj"
         "E:\Main\공개SW개발자대회\0_code\tightvnc-2.7.10\Debug\desktop-ipc\DesktopSrvDispatcher.obj"
         "E:\Main\공개SW개발자대회\0_code\tightvnc-2.7.10\Debug\desktop-ipc\GateKicker.obj"
         "E:\Main\공개SW개발자대회\0_code\tightvnc-2.7.10\Debug\desktop-ipc\GateKickHandler.obj"
         "E:\Main\공개SW개발자대회\0_code\tightvnc-2.7.10\Debug\desktop-ipc\ReconnectException.obj"
         "E:\Main\공개SW개발자대회\0_code\tightvnc-2.7.10\Debug\desktop-ipc\ReconnectingChannel.obj"
         "E:\Main\공개SW개발자대회\0_code\tightvnc-2.7.10\Debug\desktop-ipc\UpdateHandlerClient.obj"
         "E:\Main\공개SW개발자대회\0_code\tightvnc-2.7.10\Debug\desktop-ipc\UpdateHandlerServer.obj"
         "E:\Main\공개SW개발자대회\0_code\tightvnc-2.7.10\Debug\desktop-ipc\UserInputClient.obj"
         "E:\Main\공개SW개발자대회\0_code\tightvnc-2.7.10\Debug\desktop-ipc\UserInputServer.obj"
         desktop-ipc.vcxproj -> E:\Main\공개SW개발자대회\0_code\tightvnc-2.7.10\Debug\desktop-ipc.lib
     1>"E:\Main\공개SW개발자대회\0_code\tightvnc-2.7.10\desktop-ipc\desktop-ipc.vcxproj" 프로젝트를 빌드했습니다(Rebuild 대상).

빌드했습니다.

경과 시간: 00:01:03.02
