e:\main\공개sw개발자대회\0_code\tightvnc-2.7.10\x64\debug\tvnviewer\vc120.pdb
e:\main\공개sw개발자대회\0_code\tightvnc-2.7.10\x64\debug\tvnviewer\resourcestrings.obj
e:\main\공개sw개발자대회\0_code\tightvnc-2.7.10\x64\debug\tvnviewer\optionsdialog.obj
e:\main\공개sw개발자대회\0_code\tightvnc-2.7.10\x64\debug\tvnviewer\newfolderdialog.obj
e:\main\공개sw개발자대회\0_code\tightvnc-2.7.10\x64\debug\tvnviewer\namingdefs.obj
e:\main\공개sw개발자대회\0_code\tightvnc-2.7.10\x64\debug\tvnviewer\main.obj
e:\main\공개sw개발자대회\0_code\tightvnc-2.7.10\x64\debug\tvnviewer\logindialog.obj
e:\main\공개sw개발자대회\0_code\tightvnc-2.7.10\x64\debug\tvnviewer\helpdialog.obj
e:\main\공개sw개발자대회\0_code\tightvnc-2.7.10\x64\debug\tvnviewer\fswarningdialog.obj
e:\main\공개sw개발자대회\0_code\tightvnc-2.7.10\x64\debug\tvnviewer\filetransfermaindialog.obj
e:\main\공개sw개발자대회\0_code\tightvnc-2.7.10\x64\debug\tvnviewer\filerenamedialog.obj
e:\main\공개sw개발자대회\0_code\tightvnc-2.7.10\x64\debug\tvnviewer\fileinfolistview.obj
e:\main\공개sw개발자대회\0_code\tightvnc-2.7.10\x64\debug\tvnviewer\fileexistdialog.obj
e:\main\공개sw개발자대회\0_code\tightvnc-2.7.10\x64\debug\tvnviewer\desktopwindow.obj
e:\main\공개sw개발자대회\0_code\tightvnc-2.7.10\x64\debug\tvnviewer\controltrayicon.obj
e:\main\공개sw개발자대회\0_code\tightvnc-2.7.10\x64\debug\tvnviewer\connectionlistener.obj
e:\main\공개sw개발자대회\0_code\tightvnc-2.7.10\x64\debug\tvnviewer\connectiondata.obj
e:\main\공개sw개발자대회\0_code\tightvnc-2.7.10\x64\debug\tvnviewer\configurationdialog.obj
e:\main\공개sw개발자대회\0_code\tightvnc-2.7.10\x64\debug\tvnviewer\buildtime.obj
e:\main\공개sw개발자대회\0_code\tightvnc-2.7.10\x64\debug\tvnviewer\authenticationdialog.obj
e:\main\공개sw개발자대회\0_code\tightvnc-2.7.10\x64\debug\tvnviewer\aboutdialog.obj
e:\main\공개sw개발자대회\0_code\tightvnc-2.7.10\x64\debug\tvnviewer\viewerwindow.obj
e:\main\공개sw개발자대회\0_code\tightvnc-2.7.10\x64\debug\tvnviewer\viewervncauthhandler.obj
e:\main\공개sw개발자대회\0_code\tightvnc-2.7.10\x64\debug\tvnviewer\viewermenu.obj
e:\main\공개sw개발자대회\0_code\tightvnc-2.7.10\x64\debug\tvnviewer\viewerinstance.obj
e:\main\공개sw개발자대회\0_code\tightvnc-2.7.10\x64\debug\tvnviewer\viewercollector.obj
e:\main\공개sw개발자대회\0_code\tightvnc-2.7.10\x64\debug\tvnviewer\viewercmdline.obj
e:\main\공개sw개발자대회\0_code\tightvnc-2.7.10\x64\debug\tvnviewer\tvnviewer.obj
e:\main\공개sw개발자대회\0_code\tightvnc-2.7.10\x64\debug\tvnviewer\scalemanager.obj
e:\main\공개sw개발자대회\0_code\tightvnc-2.7.10\x64\debug\tvnviewer\tvnviewer.res
e:\main\공개sw개발자대회\0_code\tightvnc-2.7.10\x64\debug\tvnviewer.exe
e:\main\공개sw개발자대회\0_code\tightvnc-2.7.10\x64\debug\tvnviewer.pdb
e:\main\공개sw개발자대회\0_code\tightvnc-2.7.10\x64\debug\tvnviewer\tvnviewer.tlog\cl.read.1.tlog
e:\main\공개sw개발자대회\0_code\tightvnc-2.7.10\x64\debug\tvnviewer\tvnviewer.tlog\cl.write.1.tlog
e:\main\공개sw개발자대회\0_code\tightvnc-2.7.10\x64\debug\tvnviewer\tvnviewer.tlog\cl.command.1.tlog
e:\main\공개sw개발자대회\0_code\tightvnc-2.7.10\x64\debug\tvnviewer\tvnviewer.tlog\rc.read.1.tlog
e:\main\공개sw개발자대회\0_code\tightvnc-2.7.10\x64\debug\tvnviewer\tvnviewer.tlog\rc.write.1.tlog
e:\main\공개sw개발자대회\0_code\tightvnc-2.7.10\x64\debug\tvnviewer\tvnviewer.tlog\rc.command.1.tlog
e:\main\공개sw개발자대회\0_code\tightvnc-2.7.10\x64\debug\tvnviewer\tvnviewer.tlog\link.read.1.tlog
e:\main\공개sw개발자대회\0_code\tightvnc-2.7.10\x64\debug\tvnviewer\tvnviewer.tlog\link.write.1.tlog
e:\main\공개sw개발자대회\0_code\tightvnc-2.7.10\x64\debug\tvnviewer\tvnviewer.tlog\link.command.1.tlog
