e:\main\공개sw개발자대회\0_code\tightvnc-2.7.10\x64\debug\zlib\vc120.pdb
e:\main\공개sw개발자대회\0_code\tightvnc-2.7.10\x64\debug\zlib\vc120.idb
e:\main\공개sw개발자대회\0_code\tightvnc-2.7.10\x64\debug\zlib\adler32.obj
e:\main\공개sw개발자대회\0_code\tightvnc-2.7.10\x64\debug\zlib\compress.obj
e:\main\공개sw개발자대회\0_code\tightvnc-2.7.10\x64\debug\zlib\crc32.obj
e:\main\공개sw개발자대회\0_code\tightvnc-2.7.10\x64\debug\zlib\deflate.obj
e:\main\공개sw개발자대회\0_code\tightvnc-2.7.10\x64\debug\zlib\gzlib.obj
e:\main\공개sw개발자대회\0_code\tightvnc-2.7.10\x64\debug\zlib\infback.obj
e:\main\공개sw개발자대회\0_code\tightvnc-2.7.10\x64\debug\zlib\inffast.obj
e:\main\공개sw개발자대회\0_code\tightvnc-2.7.10\x64\debug\zlib\inflate.obj
e:\main\공개sw개발자대회\0_code\tightvnc-2.7.10\x64\debug\zlib\inftrees.obj
e:\main\공개sw개발자대회\0_code\tightvnc-2.7.10\x64\debug\zlib\trees.obj
e:\main\공개sw개발자대회\0_code\tightvnc-2.7.10\x64\debug\zlib\uncompr.obj
e:\main\공개sw개발자대회\0_code\tightvnc-2.7.10\x64\debug\zlib\zutil.obj
e:\main\공개sw개발자대회\0_code\tightvnc-2.7.10\x64\debug\zlib.lib
e:\main\공개sw개발자대회\0_code\tightvnc-2.7.10\x64\debug\zlib\zlib.tlog\cl.read.1.tlog
e:\main\공개sw개발자대회\0_code\tightvnc-2.7.10\x64\debug\zlib\zlib.tlog\cl.write.1.tlog
e:\main\공개sw개발자대회\0_code\tightvnc-2.7.10\x64\debug\zlib\zlib.tlog\cl.command.1.tlog
e:\main\공개sw개발자대회\0_code\tightvnc-2.7.10\x64\debug\zlib\zlib.tlog\lib-link.read.1.tlog
e:\main\공개sw개발자대회\0_code\tightvnc-2.7.10\x64\debug\zlib\zlib.tlog\lib-link.write.1.tlog
e:\main\공개sw개발자대회\0_code\tightvnc-2.7.10\x64\debug\zlib\zlib.tlog\lib.command.1.tlog
