e:\main\공개sw개발자대회\0_code\tightvnc-2.7.10\x64\debug\ft-client-lib\vc120.pdb
e:\main\공개sw개발자대회\0_code\tightvnc-2.7.10\x64\debug\ft-client-lib\vc120.idb
e:\main\공개sw개발자대회\0_code\tightvnc-2.7.10\x64\debug\ft-client-lib\copyoperation.obj
e:\main\공개sw개발자대회\0_code\tightvnc-2.7.10\x64\debug\ft-client-lib\downloadoperation.obj
e:\main\공개sw개발자대회\0_code\tightvnc-2.7.10\x64\debug\ft-client-lib\fileinfolist.obj
e:\main\공개sw개발자대회\0_code\tightvnc-2.7.10\x64\debug\ft-client-lib\filetransfercore.obj
e:\main\공개sw개발자대회\0_code\tightvnc-2.7.10\x64\debug\ft-client-lib\filetransfereventadapter.obj
e:\main\공개sw개발자대회\0_code\tightvnc-2.7.10\x64\debug\ft-client-lib\filetransfereventhandler.obj
e:\main\공개sw개발자대회\0_code\tightvnc-2.7.10\x64\debug\ft-client-lib\filetransferinterface.obj
e:\main\공개sw개발자대회\0_code\tightvnc-2.7.10\x64\debug\ft-client-lib\filetransfermessageprocessor.obj
e:\main\공개sw개발자대회\0_code\tightvnc-2.7.10\x64\debug\ft-client-lib\filetransferoperation.obj
e:\main\공개sw개발자대회\0_code\tightvnc-2.7.10\x64\debug\ft-client-lib\filetransferreplybuffer.obj
e:\main\공개sw개발자대회\0_code\tightvnc-2.7.10\x64\debug\ft-client-lib\filetransferrequestsender.obj
e:\main\공개sw개발자대회\0_code\tightvnc-2.7.10\x64\debug\ft-client-lib\localfilesdeleteoperation.obj
e:\main\공개sw개발자대회\0_code\tightvnc-2.7.10\x64\debug\ft-client-lib\operationeventlistener.obj
e:\main\공개sw개발자대회\0_code\tightvnc-2.7.10\x64\debug\ft-client-lib\operationnotpermittedexception.obj
e:\main\공개sw개발자대회\0_code\tightvnc-2.7.10\x64\debug\ft-client-lib\operationsupport.obj
e:\main\공개sw개발자대회\0_code\tightvnc-2.7.10\x64\debug\ft-client-lib\remotefilelistoperation.obj
e:\main\공개sw개발자대회\0_code\tightvnc-2.7.10\x64\debug\ft-client-lib\remotefilerenameoperation.obj
e:\main\공개sw개발자대회\0_code\tightvnc-2.7.10\x64\debug\ft-client-lib\remotefilesdeleteoperation.obj
e:\main\공개sw개발자대회\0_code\tightvnc-2.7.10\x64\debug\ft-client-lib\remotefoldercreateoperation.obj
e:\main\공개sw개발자대회\0_code\tightvnc-2.7.10\x64\debug\ft-client-lib\uploadoperation.obj
e:\main\공개sw개발자대회\0_code\tightvnc-2.7.10\x64\debug\ft-client-lib.lib
e:\main\공개sw개발자대회\0_code\tightvnc-2.7.10\x64\debug\ft-client-lib\ft-client-lib.tlog\cl.read.1.tlog
e:\main\공개sw개발자대회\0_code\tightvnc-2.7.10\x64\debug\ft-client-lib\ft-client-lib.tlog\cl.write.1.tlog
e:\main\공개sw개발자대회\0_code\tightvnc-2.7.10\x64\debug\ft-client-lib\ft-client-lib.tlog\cl.command.1.tlog
e:\main\공개sw개발자대회\0_code\tightvnc-2.7.10\x64\debug\ft-client-lib\ft-client-lib.tlog\lib-link.read.1.tlog
e:\main\공개sw개발자대회\0_code\tightvnc-2.7.10\x64\debug\ft-client-lib\ft-client-lib.tlog\lib-link.write.1.tlog
e:\main\공개sw개발자대회\0_code\tightvnc-2.7.10\x64\debug\ft-client-lib\ft-client-lib.tlog\lib.command.1.tlog
