e:\main\공개sw개발자대회\0_code\tightvnc-2.7.10\x64\debug\win-system\vc120.pdb
e:\main\공개sw개발자대회\0_code\tightvnc-2.7.10\x64\debug\win-system\vc120.idb
e:\main\공개sw개발자대회\0_code\tightvnc-2.7.10\x64\debug\win-system\shell.obj
e:\main\공개sw개발자대회\0_code\tightvnc-2.7.10\x64\debug\win-system\systemexception.obj
e:\main\공개sw개발자대회\0_code\tightvnc-2.7.10\x64\debug\win-system\systeminformation.obj
e:\main\공개sw개발자대회\0_code\tightvnc-2.7.10\x64\debug\win-system\uipicontrol.obj
e:\main\공개sw개발자대회\0_code\tightvnc-2.7.10\x64\debug\win-system\versioninfo.obj
e:\main\공개sw개발자대회\0_code\tightvnc-2.7.10\x64\debug\win-system\winclipboard.obj
e:\main\공개sw개발자대회\0_code\tightvnc-2.7.10\x64\debug\win-system\wincommandlineargs.obj
e:\main\공개sw개발자대회\0_code\tightvnc-2.7.10\x64\debug\win-system\wincursor.obj
e:\main\공개sw개발자대회\0_code\tightvnc-2.7.10\x64\debug\win-system\windowsapplication.obj
e:\main\공개sw개발자대회\0_code\tightvnc-2.7.10\x64\debug\win-system\windowsdisplays.obj
e:\main\공개sw개발자대회\0_code\tightvnc-2.7.10\x64\debug\win-system\windowsevent.obj
e:\main\공개sw개발자대회\0_code\tightvnc-2.7.10\x64\debug\win-system\windowseventex.obj
e:\main\공개sw개발자대회\0_code\tightvnc-2.7.10\x64\debug\win-system\winhandles.obj
e:\main\공개sw개발자대회\0_code\tightvnc-2.7.10\x64\debug\win-system\winhooks.obj
e:\main\공개sw개발자대회\0_code\tightvnc-2.7.10\x64\debug\win-system\winprocesscommandline.obj
e:\main\공개sw개발자대회\0_code\tightvnc-2.7.10\x64\debug\win-system\winstalibrary.obj
e:\main\공개sw개발자대회\0_code\tightvnc-2.7.10\x64\debug\win-system\wintimemillis.obj
e:\main\공개sw개발자대회\0_code\tightvnc-2.7.10\x64\debug\win-system\workstation.obj
e:\main\공개sw개발자대회\0_code\tightvnc-2.7.10\x64\debug\win-system\wsastartup.obj
e:\main\공개sw개발자대회\0_code\tightvnc-2.7.10\x64\debug\win-system\wts.obj
e:\main\공개sw개발자대회\0_code\tightvnc-2.7.10\x64\debug\win-system\inputinjector.obj
e:\main\공개sw개발자대회\0_code\tightvnc-2.7.10\x64\debug\win-system\keyboard.obj
e:\main\공개sw개발자대회\0_code\tightvnc-2.7.10\x64\debug\win-system\localwindowsapplication.obj
e:\main\공개sw개발자대회\0_code\tightvnc-2.7.10\x64\debug\win-system\namedpipe.obj
e:\main\공개sw개발자대회\0_code\tightvnc-2.7.10\x64\debug\win-system\parentprocess.obj
e:\main\공개sw개발자대회\0_code\tightvnc-2.7.10\x64\debug\win-system\pipe.obj
e:\main\공개sw개발자대회\0_code\tightvnc-2.7.10\x64\debug\win-system\pipeclient.obj
e:\main\공개sw개발자대회\0_code\tightvnc-2.7.10\x64\debug\win-system\pipeimpersonatedthread.obj
e:\main\공개sw개발자대회\0_code\tightvnc-2.7.10\x64\debug\win-system\pipeserver.obj
e:\main\공개sw개발자대회\0_code\tightvnc-2.7.10\x64\debug\win-system\process.obj
e:\main\공개sw개발자대회\0_code\tightvnc-2.7.10\x64\debug\win-system\processhandle.obj
e:\main\공개sw개발자대회\0_code\tightvnc-2.7.10\x64\debug\win-system\registry.obj
e:\main\공개sw개발자대회\0_code\tightvnc-2.7.10\x64\debug\win-system\registrykey.obj
e:\main\공개sw개발자대회\0_code\tightvnc-2.7.10\x64\debug\win-system\scmclient.obj
e:\main\공개sw개발자대회\0_code\tightvnc-2.7.10\x64\debug\win-system\screen.obj
e:\main\공개sw개발자대회\0_code\tightvnc-2.7.10\x64\debug\win-system\securityattributes.obj
e:\main\공개sw개발자대회\0_code\tightvnc-2.7.10\x64\debug\win-system\securitydescriptor.obj
e:\main\공개sw개발자대회\0_code\tightvnc-2.7.10\x64\debug\win-system\securityidentifier.obj
e:\main\공개sw개발자대회\0_code\tightvnc-2.7.10\x64\debug\win-system\service.obj
e:\main\공개sw개발자대회\0_code\tightvnc-2.7.10\x64\debug\win-system\sharedmemory.obj
e:\main\공개sw개발자대회\0_code\tightvnc-2.7.10\x64\debug\win-system\anonymouspipe.obj
e:\main\공개sw개발자대회\0_code\tightvnc-2.7.10\x64\debug\win-system\anonymouspipefactory.obj
e:\main\공개sw개발자대회\0_code\tightvnc-2.7.10\x64\debug\win-system\autoimpersonator.obj
e:\main\공개sw개발자대회\0_code\tightvnc-2.7.10\x64\debug\win-system\ctrlaltdelsimulator.obj
e:\main\공개sw개발자대회\0_code\tightvnc-2.7.10\x64\debug\win-system\currentconsoleprocess.obj
e:\main\공개sw개발자대회\0_code\tightvnc-2.7.10\x64\debug\win-system\dibsection.obj
e:\main\공개sw개발자대회\0_code\tightvnc-2.7.10\x64\debug\win-system\dynamiclibrary.obj
e:\main\공개sw개발자대회\0_code\tightvnc-2.7.10\x64\debug\win-system\environment.obj
e:\main\공개sw개발자대회\0_code\tightvnc-2.7.10\x64\debug\win-system\impersonator.obj
e:\main\공개sw개발자대회\0_code\tightvnc-2.7.10\x64\debug\win-system.lib
e:\main\공개sw개발자대회\0_code\tightvnc-2.7.10\x64\debug\win-system\win-system.tlog\cl.read.1.tlog
e:\main\공개sw개발자대회\0_code\tightvnc-2.7.10\x64\debug\win-system\win-system.tlog\cl.write.1.tlog
e:\main\공개sw개발자대회\0_code\tightvnc-2.7.10\x64\debug\win-system\win-system.tlog\cl.command.1.tlog
e:\main\공개sw개발자대회\0_code\tightvnc-2.7.10\x64\debug\win-system\win-system.tlog\lib-link.read.1.tlog
e:\main\공개sw개발자대회\0_code\tightvnc-2.7.10\x64\debug\win-system\win-system.tlog\lib-link.write.1.tlog
e:\main\공개sw개발자대회\0_code\tightvnc-2.7.10\x64\debug\win-system\win-system.tlog\lib.command.1.tlog
