빌드 시작: 2015-06-15 오전 12:35:28
     1>8 노드의 "C:\Users\Administrator\Desktop\융캡\tightvnc-2.7.10\rfb-sconn\rfb-sconn.vcxproj" 프로젝트(Rebuild 대상)입니다.
     1>ClCompile:
         C:\Program Files (x86)\Microsoft Visual Studio 12.0\VC\bin\x86_amd64\CL.exe /c /I.. /Zi /nologo /W3 /WX- /Od /D WIN32 /D _DEBUG /D _LIB /D _UNICODE /D UNICODE /Gm /EHsc /RTC1 /MTd /GS /fp:precise /Zc:wchar_t /Zc:forScope /Fo"C:\Users\Administrator\Desktop\융캡\tightvnc-2.7.10\x64\Debug\rfb-sconn\\" /Fd"C:\Users\Administrator\Desktop\융캡\tightvnc-2.7.10\x64\Debug\rfb-sconn\vc120.pdb" /Gd /TP /errorReport:prompt CapContainer.cpp ClientInputHandler.cpp ClipboardExchange.cpp EncodeOptions.cpp Encoder.cpp EncoderStore.cpp HextileEncoder.cpp JpegCompressor.cpp JpegEncoder.cpp RfbClient.cpp RfbCodeRegistrator.cpp RfbDispatcher.cpp RfbInitializer.cpp RreEncoder.cpp TightEncoder.cpp TightPalette.cpp ZrleEncoder.cpp
         ZrleEncoder.cpp
         TightPalette.cpp
         TightEncoder.cpp
         RreEncoder.cpp
         RfbInitializer.cpp
         RfbDispatcher.cpp
         RfbCodeRegistrator.cpp
         RfbClient.cpp
         JpegEncoder.cpp
         JpegCompressor.cpp
         HextileEncoder.cpp
         EncoderStore.cpp
         Encoder.cpp
         EncodeOptions.cpp
         ClipboardExchange.cpp
         ClientInputHandler.cpp
         CapContainer.cpp
         코드를 생성하고 있습니다...
       Lib:
         C:\Program Files (x86)\Microsoft Visual Studio 12.0\VC\bin\x86_amd64\Lib.exe /OUT:"C:\Users\Administrator\Desktop\융캡\tightvnc-2.7.10\x64\Debug\rfb-sconn.lib" /NOLOGO /MACHINE:X64 "C:\Users\Administrator\Desktop\융캡\tightvnc-2.7.10\x64\Debug\rfb-sconn\CapContainer.obj"
         "C:\Users\Administrator\Desktop\융캡\tightvnc-2.7.10\x64\Debug\rfb-sconn\ClientInputHandler.obj"
         "C:\Users\Administrator\Desktop\융캡\tightvnc-2.7.10\x64\Debug\rfb-sconn\ClipboardExchange.obj"
         "C:\Users\Administrator\Desktop\융캡\tightvnc-2.7.10\x64\Debug\rfb-sconn\EncodeOptions.obj"
         "C:\Users\Administrator\Desktop\융캡\tightvnc-2.7.10\x64\Debug\rfb-sconn\Encoder.obj"
         "C:\Users\Administrator\Desktop\융캡\tightvnc-2.7.10\x64\Debug\rfb-sconn\EncoderStore.obj"
         "C:\Users\Administrator\Desktop\융캡\tightvnc-2.7.10\x64\Debug\rfb-sconn\HextileEncoder.obj"
         "C:\Users\Administrator\Desktop\융캡\tightvnc-2.7.10\x64\Debug\rfb-sconn\JpegCompressor.obj"
         "C:\Users\Administrator\Desktop\융캡\tightvnc-2.7.10\x64\Debug\rfb-sconn\JpegEncoder.obj"
         "C:\Users\Administrator\Desktop\융캡\tightvnc-2.7.10\x64\Debug\rfb-sconn\RfbClient.obj"
         "C:\Users\Administrator\Desktop\융캡\tightvnc-2.7.10\x64\Debug\rfb-sconn\RfbCodeRegistrator.obj"
         "C:\Users\Administrator\Desktop\융캡\tightvnc-2.7.10\x64\Debug\rfb-sconn\RfbDispatcher.obj"
         "C:\Users\Administrator\Desktop\융캡\tightvnc-2.7.10\x64\Debug\rfb-sconn\RfbInitializer.obj"
         "C:\Users\Administrator\Desktop\융캡\tightvnc-2.7.10\x64\Debug\rfb-sconn\RreEncoder.obj"
         "C:\Users\Administrator\Desktop\융캡\tightvnc-2.7.10\x64\Debug\rfb-sconn\TightEncoder.obj"
         "C:\Users\Administrator\Desktop\융캡\tightvnc-2.7.10\x64\Debug\rfb-sconn\TightPalette.obj"
         "C:\Users\Administrator\Desktop\융캡\tightvnc-2.7.10\x64\Debug\rfb-sconn\ZrleEncoder.obj"
         rfb-sconn.vcxproj -> C:\Users\Administrator\Desktop\융캡\tightvnc-2.7.10\x64\Debug\rfb-sconn.lib
     1>"C:\Users\Administrator\Desktop\융캡\tightvnc-2.7.10\rfb-sconn\rfb-sconn.vcxproj" 프로젝트를 빌드했습니다(Rebuild 대상).

빌드했습니다.

경과 시간: 00:00:13.15
