c:\users\administrator\desktop\융캡\tightvnc-2.7.10\x64\debug\tvnviewer\vc120.pdb
c:\users\administrator\desktop\융캡\tightvnc-2.7.10\x64\debug\tvnviewer\resourcestrings.obj
c:\users\administrator\desktop\융캡\tightvnc-2.7.10\x64\debug\tvnviewer\optionsdialog.obj
c:\users\administrator\desktop\융캡\tightvnc-2.7.10\x64\debug\tvnviewer\newfolderdialog.obj
c:\users\administrator\desktop\융캡\tightvnc-2.7.10\x64\debug\tvnviewer\namingdefs.obj
c:\users\administrator\desktop\융캡\tightvnc-2.7.10\x64\debug\tvnviewer\main.obj
c:\users\administrator\desktop\융캡\tightvnc-2.7.10\x64\debug\tvnviewer\logindialog.obj
c:\users\administrator\desktop\융캡\tightvnc-2.7.10\x64\debug\tvnviewer\helpdialog.obj
c:\users\administrator\desktop\융캡\tightvnc-2.7.10\x64\debug\tvnviewer\fswarningdialog.obj
c:\users\administrator\desktop\융캡\tightvnc-2.7.10\x64\debug\tvnviewer\filetransfermaindialog.obj
c:\users\administrator\desktop\융캡\tightvnc-2.7.10\x64\debug\tvnviewer\filerenamedialog.obj
c:\users\administrator\desktop\융캡\tightvnc-2.7.10\x64\debug\tvnviewer\fileinfolistview.obj
c:\users\administrator\desktop\융캡\tightvnc-2.7.10\x64\debug\tvnviewer\fileexistdialog.obj
c:\users\administrator\desktop\융캡\tightvnc-2.7.10\x64\debug\tvnviewer\desktopwindow.obj
c:\users\administrator\desktop\융캡\tightvnc-2.7.10\x64\debug\tvnviewer\controltrayicon.obj
c:\users\administrator\desktop\융캡\tightvnc-2.7.10\x64\debug\tvnviewer\connectionlistener.obj
c:\users\administrator\desktop\융캡\tightvnc-2.7.10\x64\debug\tvnviewer\connectiondata.obj
c:\users\administrator\desktop\융캡\tightvnc-2.7.10\x64\debug\tvnviewer\configurationdialog.obj
c:\users\administrator\desktop\융캡\tightvnc-2.7.10\x64\debug\tvnviewer\buildtime.obj
c:\users\administrator\desktop\융캡\tightvnc-2.7.10\x64\debug\tvnviewer\authenticationdialog.obj
c:\users\administrator\desktop\융캡\tightvnc-2.7.10\x64\debug\tvnviewer\aboutdialog.obj
c:\users\administrator\desktop\융캡\tightvnc-2.7.10\x64\debug\tvnviewer\viewerwindow.obj
c:\users\administrator\desktop\융캡\tightvnc-2.7.10\x64\debug\tvnviewer\viewervncauthhandler.obj
c:\users\administrator\desktop\융캡\tightvnc-2.7.10\x64\debug\tvnviewer\viewermenu.obj
c:\users\administrator\desktop\융캡\tightvnc-2.7.10\x64\debug\tvnviewer\viewerinstance.obj
c:\users\administrator\desktop\융캡\tightvnc-2.7.10\x64\debug\tvnviewer\viewercollector.obj
c:\users\administrator\desktop\융캡\tightvnc-2.7.10\x64\debug\tvnviewer\viewercmdline.obj
c:\users\administrator\desktop\융캡\tightvnc-2.7.10\x64\debug\tvnviewer\tvnviewer.obj
c:\users\administrator\desktop\융캡\tightvnc-2.7.10\x64\debug\tvnviewer\scalemanager.obj
c:\users\administrator\desktop\융캡\tightvnc-2.7.10\x64\debug\tvnviewer.ilk
c:\users\administrator\desktop\융캡\tightvnc-2.7.10\x64\debug\tvnviewer.exe
c:\users\administrator\desktop\융캡\tightvnc-2.7.10\x64\debug\tvnviewer.pdb
c:\users\administrator\desktop\융캡\tightvnc-2.7.10\x64\debug\tvnviewer\tvnviewer.res
c:\users\administrator\desktop\융캡\tightvnc-2.7.10\x64\debug\tvnviewer\tvnviewer.tlog\cl.command.1.tlog
c:\users\administrator\desktop\융캡\tightvnc-2.7.10\x64\debug\tvnviewer\tvnviewer.tlog\cl.read.1.tlog
c:\users\administrator\desktop\융캡\tightvnc-2.7.10\x64\debug\tvnviewer\tvnviewer.tlog\cl.write.1.tlog
c:\users\administrator\desktop\융캡\tightvnc-2.7.10\x64\debug\tvnviewer\tvnviewer.tlog\link.command.1.tlog
c:\users\administrator\desktop\융캡\tightvnc-2.7.10\x64\debug\tvnviewer\tvnviewer.tlog\link.read.1.tlog
c:\users\administrator\desktop\융캡\tightvnc-2.7.10\x64\debug\tvnviewer\tvnviewer.tlog\link.write.1.tlog
c:\users\administrator\desktop\융캡\tightvnc-2.7.10\x64\debug\tvnviewer\tvnviewer.tlog\rc.command.1.tlog
c:\users\administrator\desktop\융캡\tightvnc-2.7.10\x64\debug\tvnviewer\tvnviewer.tlog\rc.read.1.tlog
c:\users\administrator\desktop\융캡\tightvnc-2.7.10\x64\debug\tvnviewer\tvnviewer.tlog\rc.write.1.tlog
