빌드 시작: 2015-06-15 오전 12:35:21
     1>2 노드의 "C:\Users\Administrator\Desktop\융캡\tightvnc-2.7.10\desktop\desktop.vcxproj" 프로젝트(Rebuild 대상)입니다.
     1>ClCompile:
         C:\Program Files (x86)\Microsoft Visual Studio 12.0\VC\bin\x86_amd64\CL.exe /c /I.. /Zi /nologo /W3 /WX- /Od /D WIN32 /D _DEBUG /D _LIB /D _UNICODE /D UNICODE /Gm /EHsc /RTC1 /MTd /GS /fp:precise /Zc:wchar_t /Zc:forScope /Fo"C:\Users\Administrator\Desktop\융캡\tightvnc-2.7.10\x64\Debug\desktop\\" /Fd"C:\Users\Administrator\Desktop\융캡\tightvnc-2.7.10\x64\Debug\desktop\vc120.pdb" /Gd /TP /errorReport:prompt ApplicationDesktopFactory.cpp ClipboardListener.cpp ConsolePoller.cpp CopyRectDetector.cpp DesktopBaseImpl.cpp DesktopClientImpl.cpp DesktopConfigLocal.cpp DesktopServerWatcher.cpp DesktopWinImpl.cpp Win8CursorShape.cpp Win8DeskDuplicationThread.cpp WinCursorShapeUtils.cpp WinDxCriticalException.cpp WinDxException.cpp WinDxgiAcquiredFrame.cpp WinDxgiOutput.cpp WinDxgiOutput1.cpp WinDxgiOutputDuplication.cpp WinDxRecoverableException.cpp GrabOptimizator.cpp HookInstaller.cpp HooksUpdateDetector.cpp HookUpdateTimer.cpp InputBlocker.cpp MirrorDriverClient.cpp MirrorScreenDriver.cpp CursorPositionDetector.cpp CursorShapeGrabber.cpp CursorShapeDetector.cpp Poller.cpp SasUserInput.cpp ScreenGrabber.cpp UpdateContainer.cpp UpdateDetector.cpp UpdateFilter.cpp UpdateHandler.cpp UpdateHandlerImpl.cpp UpdateKeeper.cpp UpdateListener.cpp UpdateSendingListener.cpp UserInput.cpp WallpaperUtil.cpp Win32MirrorScreenDriver.cpp Win32ScreenDriver.cpp Win32ScreenDriverBaseImpl.cpp Win32ScreenDriverFactory.cpp Win8ScreenDriver.cpp Win8ScreenDriverImpl.cpp WinAutoMapDxgiSurface.cpp WinCustomD3D11Texture2D.cpp WindowsClipboard.cpp WindowsInputBlocker.cpp WindowsCursorShapeGrabber.cpp WindowsScreenGrabber.cpp WindowsUserInput.cpp WinD3D11Device.cpp WinDxgiAdapter.cpp WinDxgiDevice.cpp WinDxgiSurface.cpp WinD3D11Texture2D.cpp WinServiceDesktopFactory.cpp WinVideoRegionFounderImpl.cpp
         WinVideoRegionFounderImpl.cpp
     1>c:\program files (x86)\windows kits\8.0\include\um\docobj.h(1749): warning C4067: 전처리기 지시문 다음에 예기치 않은 토큰이 있습니다. 줄 바꿈 문자가 필요합니다.
         WinServiceDesktopFactory.cpp
     1>c:\program files (x86)\windows kits\8.0\include\um\docobj.h(1749): warning C4067: 전처리기 지시문 다음에 예기치 않은 토큰이 있습니다. 줄 바꿈 문자가 필요합니다.
         WinD3D11Texture2D.cpp
         WinDxgiSurface.cpp
         WinDxgiDevice.cpp
         WinDxgiAdapter.cpp
         WinD3D11Device.cpp
         WindowsUserInput.cpp
         WindowsScreenGrabber.cpp
     1>c:\program files (x86)\windows kits\8.0\include\um\docobj.h(1749): warning C4067: 전처리기 지시문 다음에 예기치 않은 토큰이 있습니다. 줄 바꿈 문자가 필요합니다.
         WindowsCursorShapeGrabber.cpp
         WindowsInputBlocker.cpp
         WindowsClipboard.cpp
         WinCustomD3D11Texture2D.cpp
         WinAutoMapDxgiSurface.cpp
         Win8ScreenDriverImpl.cpp
     1>Win8ScreenDriverImpl.cpp(123): warning C4101: 'e' :참조되지 않은 지역 변수입니다.
         Win8ScreenDriver.cpp
         Win32ScreenDriverFactory.cpp
     1>c:\program files (x86)\windows kits\8.0\include\um\docobj.h(1749): warning C4067: 전처리기 지시문 다음에 예기치 않은 토큰이 있습니다. 줄 바꿈 문자가 필요합니다.
     1>c:\users\administrator\desktop\융캡\tightvnc-2.7.10\desktop\DisplayEsc.h : warning C4819: 현재 코드 페이지(949)에서 표시할 수 없는 문자가 파일에 들어 있습니다. 데이터가 손실되지 않게 하려면 해당 파일을 유니코드 형식으로 저장하십시오.
     1>c:\users\administrator\desktop\융캡\tightvnc-2.7.10\desktop\Win32ScreenDriverBaseImpl.h : warning C4819: 현재 코드 페이지(949)에서 표시할 수 없는 문자가 파일에 들어 있습니다. 데이터가 손실되지 않게 하려면 해당 파일을 유니코드 형식으로 저장하십시오.
         Win32ScreenDriverBaseImpl.cpp
     1>c:\users\administrator\desktop\융캡\tightvnc-2.7.10\desktop\Win32ScreenDriverBaseImpl.h : warning C4819: 현재 코드 페이지(949)에서 표시할 수 없는 문자가 파일에 들어 있습니다. 데이터가 손실되지 않게 하려면 해당 파일을 유니코드 형식으로 저장하십시오.
         Win32ScreenDriver.cpp
     1>c:\users\administrator\desktop\융캡\tightvnc-2.7.10\desktop\Win32ScreenDriverBaseImpl.h : warning C4819: 현재 코드 페이지(949)에서 표시할 수 없는 문자가 파일에 들어 있습니다. 데이터가 손실되지 않게 하려면 해당 파일을 유니코드 형식으로 저장하십시오.
     1>c:\program files (x86)\windows kits\8.0\include\um\docobj.h(1749): warning C4067: 전처리기 지시문 다음에 예기치 않은 토큰이 있습니다. 줄 바꿈 문자가 필요합니다.
         Win32MirrorScreenDriver.cpp
     1>c:\users\administrator\desktop\융캡\tightvnc-2.7.10\desktop\DisplayEsc.h : warning C4819: 현재 코드 페이지(949)에서 표시할 수 없는 문자가 파일에 들어 있습니다. 데이터가 손실되지 않게 하려면 해당 파일을 유니코드 형식으로 저장하십시오.
     1>c:\users\administrator\desktop\융캡\tightvnc-2.7.10\desktop\Win32ScreenDriverBaseImpl.h : warning C4819: 현재 코드 페이지(949)에서 표시할 수 없는 문자가 파일에 들어 있습니다. 데이터가 손실되지 않게 하려면 해당 파일을 유니코드 형식으로 저장하십시오.
         코드를 생성하고 있습니다...
         컴파일하고 있습니다...
         WallpaperUtil.cpp
     1>c:\program files (x86)\windows kits\8.0\include\um\docobj.h(1749): warning C4067: 전처리기 지시문 다음에 예기치 않은 토큰이 있습니다. 줄 바꿈 문자가 필요합니다.
         UserInput.cpp
         UpdateSendingListener.cpp
         UpdateListener.cpp
         UpdateKeeper.cpp
         UpdateHandlerImpl.cpp
     1>c:\program files (x86)\windows kits\8.0\include\um\docobj.h(1749): warning C4067: 전처리기 지시문 다음에 예기치 않은 토큰이 있습니다. 줄 바꿈 문자가 필요합니다.
         UpdateHandler.cpp
     1>c:\program files (x86)\windows kits\8.0\include\um\docobj.h(1749): warning C4067: 전처리기 지시문 다음에 예기치 않은 토큰이 있습니다. 줄 바꿈 문자가 필요합니다.
         UpdateFilter.cpp
     1>c:\program files (x86)\windows kits\8.0\include\um\docobj.h(1749): warning C4067: 전처리기 지시문 다음에 예기치 않은 토큰이 있습니다. 줄 바꿈 문자가 필요합니다.
         UpdateDetector.cpp
         UpdateContainer.cpp
         ScreenGrabber.cpp
         SasUserInput.cpp
         Poller.cpp
     1>c:\program files (x86)\windows kits\8.0\include\um\docobj.h(1749): warning C4067: 전처리기 지시문 다음에 예기치 않은 토큰이 있습니다. 줄 바꿈 문자가 필요합니다.
         CursorShapeDetector.cpp
         CursorShapeGrabber.cpp
         CursorPositionDetector.cpp
         MirrorScreenDriver.cpp
     1>c:\users\administrator\desktop\융캡\tightvnc-2.7.10\desktop\DisplayEsc.h : warning C4819: 현재 코드 페이지(949)에서 표시할 수 없는 문자가 파일에 들어 있습니다. 데이터가 손실되지 않게 하려면 해당 파일을 유니코드 형식으로 저장하십시오.
         MirrorDriverClient.cpp
     1>c:\users\administrator\desktop\융캡\tightvnc-2.7.10\desktop\DisplayEsc.h : warning C4819: 현재 코드 페이지(949)에서 표시할 수 없는 문자가 파일에 들어 있습니다. 데이터가 손실되지 않게 하려면 해당 파일을 유니코드 형식으로 저장하십시오.
         InputBlocker.cpp
         HookUpdateTimer.cpp
         코드를 생성하고 있습니다...
         컴파일하고 있습니다...
         HooksUpdateDetector.cpp
         HookInstaller.cpp
         GrabOptimizator.cpp
         WinDxRecoverableException.cpp
         WinDxgiOutputDuplication.cpp
         WinDxgiOutput1.cpp
         WinDxgiOutput.cpp
         WinDxgiAcquiredFrame.cpp
         WinDxException.cpp
         WinDxCriticalException.cpp
         WinCursorShapeUtils.cpp
         Win8DeskDuplicationThread.cpp
         Win8CursorShape.cpp
         DesktopWinImpl.cpp
     1>c:\program files (x86)\windows kits\8.0\include\um\docobj.h(1749): warning C4067: 전처리기 지시문 다음에 예기치 않은 토큰이 있습니다. 줄 바꿈 문자가 필요합니다.
         DesktopServerWatcher.cpp
     1>c:\program files (x86)\windows kits\8.0\include\um\docobj.h(1749): warning C4067: 전처리기 지시문 다음에 예기치 않은 토큰이 있습니다. 줄 바꿈 문자가 필요합니다.
         DesktopConfigLocal.cpp
     1>c:\program files (x86)\windows kits\8.0\include\um\docobj.h(1749): warning C4067: 전처리기 지시문 다음에 예기치 않은 토큰이 있습니다. 줄 바꿈 문자가 필요합니다.
         DesktopClientImpl.cpp
     1>c:\program files (x86)\windows kits\8.0\include\um\docobj.h(1749): warning C4067: 전처리기 지시문 다음에 예기치 않은 토큰이 있습니다. 줄 바꿈 문자가 필요합니다.
         DesktopBaseImpl.cpp
     1>c:\program files (x86)\windows kits\8.0\include\um\docobj.h(1749): warning C4067: 전처리기 지시문 다음에 예기치 않은 토큰이 있습니다. 줄 바꿈 문자가 필요합니다.
         CopyRectDetector.cpp
         ConsolePoller.cpp
     1>c:\program files (x86)\windows kits\8.0\include\um\docobj.h(1749): warning C4067: 전처리기 지시문 다음에 예기치 않은 토큰이 있습니다. 줄 바꿈 문자가 필요합니다.
         코드를 생성하고 있습니다...
         컴파일하고 있습니다...
         ClipboardListener.cpp
         ApplicationDesktopFactory.cpp
     1>c:\program files (x86)\windows kits\8.0\include\um\docobj.h(1749): warning C4067: 전처리기 지시문 다음에 예기치 않은 토큰이 있습니다. 줄 바꿈 문자가 필요합니다.
         코드를 생성하고 있습니다...
       Lib:
         C:\Program Files (x86)\Microsoft Visual Studio 12.0\VC\bin\x86_amd64\Lib.exe /OUT:"C:\Users\Administrator\Desktop\융캡\tightvnc-2.7.10\x64\Debug\desktop.lib" dxgi.lib d3d11.lib /NOLOGO /MACHINE:X64 "C:\Users\Administrator\Desktop\융캡\tightvnc-2.7.10\x64\Debug\desktop\ApplicationDesktopFactory.obj"
         "C:\Users\Administrator\Desktop\융캡\tightvnc-2.7.10\x64\Debug\desktop\ClipboardListener.obj"
         "C:\Users\Administrator\Desktop\융캡\tightvnc-2.7.10\x64\Debug\desktop\ConsolePoller.obj"
         "C:\Users\Administrator\Desktop\융캡\tightvnc-2.7.10\x64\Debug\desktop\CopyRectDetector.obj"
         "C:\Users\Administrator\Desktop\융캡\tightvnc-2.7.10\x64\Debug\desktop\DesktopBaseImpl.obj"
         "C:\Users\Administrator\Desktop\융캡\tightvnc-2.7.10\x64\Debug\desktop\DesktopClientImpl.obj"
         "C:\Users\Administrator\Desktop\융캡\tightvnc-2.7.10\x64\Debug\desktop\DesktopConfigLocal.obj"
         "C:\Users\Administrator\Desktop\융캡\tightvnc-2.7.10\x64\Debug\desktop\DesktopServerWatcher.obj"
         "C:\Users\Administrator\Desktop\융캡\tightvnc-2.7.10\x64\Debug\desktop\DesktopWinImpl.obj"
         "C:\Users\Administrator\Desktop\융캡\tightvnc-2.7.10\x64\Debug\desktop\Win8CursorShape.obj"
         "C:\Users\Administrator\Desktop\융캡\tightvnc-2.7.10\x64\Debug\desktop\Win8DeskDuplicationThread.obj"
         "C:\Users\Administrator\Desktop\융캡\tightvnc-2.7.10\x64\Debug\desktop\WinCursorShapeUtils.obj"
         "C:\Users\Administrator\Desktop\융캡\tightvnc-2.7.10\x64\Debug\desktop\WinDxCriticalException.obj"
         "C:\Users\Administrator\Desktop\융캡\tightvnc-2.7.10\x64\Debug\desktop\WinDxException.obj"
         "C:\Users\Administrator\Desktop\융캡\tightvnc-2.7.10\x64\Debug\desktop\WinDxgiAcquiredFrame.obj"
         "C:\Users\Administrator\Desktop\융캡\tightvnc-2.7.10\x64\Debug\desktop\WinDxgiOutput.obj"
         "C:\Users\Administrator\Desktop\융캡\tightvnc-2.7.10\x64\Debug\desktop\WinDxgiOutput1.obj"
         "C:\Users\Administrator\Desktop\융캡\tightvnc-2.7.10\x64\Debug\desktop\WinDxgiOutputDuplication.obj"
         "C:\Users\Administrator\Desktop\융캡\tightvnc-2.7.10\x64\Debug\desktop\WinDxRecoverableException.obj"
         "C:\Users\Administrator\Desktop\융캡\tightvnc-2.7.10\x64\Debug\desktop\GrabOptimizator.obj"
         "C:\Users\Administrator\Desktop\융캡\tightvnc-2.7.10\x64\Debug\desktop\HookInstaller.obj"
         "C:\Users\Administrator\Desktop\융캡\tightvnc-2.7.10\x64\Debug\desktop\HooksUpdateDetector.obj"
         "C:\Users\Administrator\Desktop\융캡\tightvnc-2.7.10\x64\Debug\desktop\HookUpdateTimer.obj"
         "C:\Users\Administrator\Desktop\융캡\tightvnc-2.7.10\x64\Debug\desktop\InputBlocker.obj"
         "C:\Users\Administrator\Desktop\융캡\tightvnc-2.7.10\x64\Debug\desktop\MirrorDriverClient.obj"
         "C:\Users\Administrator\Desktop\융캡\tightvnc-2.7.10\x64\Debug\desktop\MirrorScreenDriver.obj"
         "C:\Users\Administrator\Desktop\융캡\tightvnc-2.7.10\x64\Debug\desktop\CursorPositionDetector.obj"
         "C:\Users\Administrator\Desktop\융캡\tightvnc-2.7.10\x64\Debug\desktop\CursorShapeGrabber.obj"
         "C:\Users\Administrator\Desktop\융캡\tightvnc-2.7.10\x64\Debug\desktop\CursorShapeDetector.obj"
         "C:\Users\Administrator\Desktop\융캡\tightvnc-2.7.10\x64\Debug\desktop\Poller.obj"
         "C:\Users\Administrator\Desktop\융캡\tightvnc-2.7.10\x64\Debug\desktop\SasUserInput.obj"
         "C:\Users\Administrator\Desktop\융캡\tightvnc-2.7.10\x64\Debug\desktop\ScreenGrabber.obj"
         "C:\Users\Administrator\Desktop\융캡\tightvnc-2.7.10\x64\Debug\desktop\UpdateContainer.obj"
         "C:\Users\Administrator\Desktop\융캡\tightvnc-2.7.10\x64\Debug\desktop\UpdateDetector.obj"
         "C:\Users\Administrator\Desktop\융캡\tightvnc-2.7.10\x64\Debug\desktop\UpdateFilter.obj"
         "C:\Users\Administrator\Desktop\융캡\tightvnc-2.7.10\x64\Debug\desktop\UpdateHandler.obj"
         "C:\Users\Administrator\Desktop\융캡\tightvnc-2.7.10\x64\Debug\desktop\UpdateHandlerImpl.obj"
         "C:\Users\Administrator\Desktop\융캡\tightvnc-2.7.10\x64\Debug\desktop\UpdateKeeper.obj"
         "C:\Users\Administrator\Desktop\융캡\tightvnc-2.7.10\x64\Debug\desktop\UpdateListener.obj"
         "C:\Users\Administrator\Desktop\융캡\tightvnc-2.7.10\x64\Debug\desktop\UpdateSendingListener.obj"
         "C:\Users\Administrator\Desktop\융캡\tightvnc-2.7.10\x64\Debug\desktop\UserInput.obj"
         "C:\Users\Administrator\Desktop\융캡\tightvnc-2.7.10\x64\Debug\desktop\WallpaperUtil.obj"
         "C:\Users\Administrator\Desktop\융캡\tightvnc-2.7.10\x64\Debug\desktop\Win32MirrorScreenDriver.obj"
         "C:\Users\Administrator\Desktop\융캡\tightvnc-2.7.10\x64\Debug\desktop\Win32ScreenDriver.obj"
         "C:\Users\Administrator\Desktop\융캡\tightvnc-2.7.10\x64\Debug\desktop\Win32ScreenDriverBaseImpl.obj"
         "C:\Users\Administrator\Desktop\융캡\tightvnc-2.7.10\x64\Debug\desktop\Win32ScreenDriverFactory.obj"
         "C:\Users\Administrator\Desktop\융캡\tightvnc-2.7.10\x64\Debug\desktop\Win8ScreenDriver.obj"
         "C:\Users\Administrator\Desktop\융캡\tightvnc-2.7.10\x64\Debug\desktop\Win8ScreenDriverImpl.obj"
         "C:\Users\Administrator\Desktop\융캡\tightvnc-2.7.10\x64\Debug\desktop\WinAutoMapDxgiSurface.obj"
         "C:\Users\Administrator\Desktop\융캡\tightvnc-2.7.10\x64\Debug\desktop\WinCustomD3D11Texture2D.obj"
         "C:\Users\Administrator\Desktop\융캡\tightvnc-2.7.10\x64\Debug\desktop\WindowsClipboard.obj"
         "C:\Users\Administrator\Desktop\융캡\tightvnc-2.7.10\x64\Debug\desktop\WindowsInputBlocker.obj"
         "C:\Users\Administrator\Desktop\융캡\tightvnc-2.7.10\x64\Debug\desktop\WindowsCursorShapeGrabber.obj"
         "C:\Users\Administrator\Desktop\융캡\tightvnc-2.7.10\x64\Debug\desktop\WindowsScreenGrabber.obj"
         "C:\Users\Administrator\Desktop\융캡\tightvnc-2.7.10\x64\Debug\desktop\WindowsUserInput.obj"
         "C:\Users\Administrator\Desktop\융캡\tightvnc-2.7.10\x64\Debug\desktop\WinD3D11Device.obj"
         "C:\Users\Administrator\Desktop\융캡\tightvnc-2.7.10\x64\Debug\desktop\WinDxgiAdapter.obj"
         "C:\Users\Administrator\Desktop\융캡\tightvnc-2.7.10\x64\Debug\desktop\WinDxgiDevice.obj"
         "C:\Users\Administrator\Desktop\융캡\tightvnc-2.7.10\x64\Debug\desktop\WinDxgiSurface.obj"
         "C:\Users\Administrator\Desktop\융캡\tightvnc-2.7.10\x64\Debug\desktop\WinD3D11Texture2D.obj"
         "C:\Users\Administrator\Desktop\융캡\tightvnc-2.7.10\x64\Debug\desktop\WinServiceDesktopFactory.obj"
         "C:\Users\Administrator\Desktop\융캡\tightvnc-2.7.10\x64\Debug\desktop\WinVideoRegionFounderImpl.obj"
     1>d3d11.lib(d3d11.dll) : warning LNK4006: __NULL_IMPORT_DESCRIPTOR이(가) dxgi.lib(dxgi.dll)에 이미 정의되어 있습니다. 초 정의가 무시됩니다.
     1>d3d11.lib(d3d11.dll) : warning LNK4221: 이 개체 파일은 이전에 정의되지 않은 공용 기호를 정의하지 않으므로 이 라이브러리를 사용하는 어떠한 링크 작업에도 사용되지 않습니다.
         desktop.vcxproj -> C:\Users\Administrator\Desktop\융캡\tightvnc-2.7.10\x64\Debug\desktop.lib
     1>"C:\Users\Administrator\Desktop\융캡\tightvnc-2.7.10\desktop\desktop.vcxproj" 프로젝트를 빌드했습니다(Rebuild 대상).

빌드했습니다.

경과 시간: 00:00:34.11
