e:\main\공개sw개발자대회\0_code\tightvnc-2.7.10\x64\debug\util\vc120.pdb
e:\main\공개sw개발자대회\0_code\tightvnc-2.7.10\x64\debug\util\vc120.idb
e:\main\공개sw개발자대회\0_code\tightvnc-2.7.10\x64\debug\util\datetime.obj
e:\main\공개sw개발자대회\0_code\tightvnc-2.7.10\x64\debug\util\deflater.obj
e:\main\공개sw개발자대회\0_code\tightvnc-2.7.10\x64\debug\util\demandtimer.obj
e:\main\공개sw개발자대회\0_code\tightvnc-2.7.10\x64\debug\util\descrypt.obj
e:\main\공개sw개발자대회\0_code\tightvnc-2.7.10\x64\debug\util\exception.obj
e:\main\공개sw개발자대회\0_code\tightvnc-2.7.10\x64\debug\util\inflater.obj
e:\main\공개sw개발자대회\0_code\tightvnc-2.7.10\x64\debug\util\keycontainer.obj
e:\main\공개sw개발자대회\0_code\tightvnc-2.7.10\x64\debug\util\keymap.obj
e:\main\공개sw개발자대회\0_code\tightvnc-2.7.10\x64\debug\util\macrocommand.obj
e:\main\공개sw개발자대회\0_code\tightvnc-2.7.10\x64\debug\util\md5.obj
e:\main\공개sw개발자대회\0_code\tightvnc-2.7.10\x64\debug\util\resourceloader.obj
e:\main\공개sw개발자대회\0_code\tightvnc-2.7.10\x64\debug\util\stringparser.obj
e:\main\공개sw개발자대회\0_code\tightvnc-2.7.10\x64\debug\util\stringstorage.obj
e:\main\공개sw개발자대회\0_code\tightvnc-2.7.10\x64\debug\util\stringtable.obj
e:\main\공개sw개발자대회\0_code\tightvnc-2.7.10\x64\debug\util\unicode.obj
e:\main\공개sw개발자대회\0_code\tightvnc-2.7.10\x64\debug\util\unicodestringstorage.obj
e:\main\공개sw개발자대회\0_code\tightvnc-2.7.10\x64\debug\util\utf8stringstorage.obj
e:\main\공개sw개발자대회\0_code\tightvnc-2.7.10\x64\debug\util\vncpasscrypt.obj
e:\main\공개sw개발자대회\0_code\tightvnc-2.7.10\x64\debug\util\zlibbase.obj
e:\main\공개sw개발자대회\0_code\tightvnc-2.7.10\x64\debug\util\zlibexception.obj
e:\main\공개sw개발자대회\0_code\tightvnc-2.7.10\x64\debug\util\ansistringstorage.obj
e:\main\공개sw개발자대회\0_code\tightvnc-2.7.10\x64\debug\util\brokenhandleexception.obj
e:\main\공개sw개발자대회\0_code\tightvnc-2.7.10\x64\debug\util\command.obj
e:\main\공개sw개발자대회\0_code\tightvnc-2.7.10\x64\debug\util\commandline.obj
e:\main\공개sw개발자대회\0_code\tightvnc-2.7.10\x64\debug\util\commandlineargs.obj
e:\main\공개sw개발자대회\0_code\tightvnc-2.7.10\x64\debug\util\commandlineformatexception.obj
e:\main\공개sw개발자대회\0_code\tightvnc-2.7.10\x64\debug\util\commandlineformathelp.obj
e:\main\공개sw개발자대회\0_code\tightvnc-2.7.10\x64\debug\util.lib
e:\main\공개sw개발자대회\0_code\tightvnc-2.7.10\x64\debug\util\util.tlog\cl.read.1.tlog
e:\main\공개sw개발자대회\0_code\tightvnc-2.7.10\x64\debug\util\util.tlog\cl.write.1.tlog
e:\main\공개sw개발자대회\0_code\tightvnc-2.7.10\x64\debug\util\util.tlog\cl.command.1.tlog
e:\main\공개sw개발자대회\0_code\tightvnc-2.7.10\x64\debug\util\util.tlog\lib-link.read.1.tlog
e:\main\공개sw개발자대회\0_code\tightvnc-2.7.10\x64\debug\util\util.tlog\lib-link.write.1.tlog
e:\main\공개sw개발자대회\0_code\tightvnc-2.7.10\x64\debug\util\util.tlog\lib.command.1.tlog
