c:\users\administrator\desktop\융캡\tightvnc-2.7.10\x64\debug\viewer-core\vc120.pdb
c:\users\administrator\desktop\융캡\tightvnc-2.7.10\x64\debug\viewer-core\tcpconnection.obj
c:\users\administrator\desktop\융캡\tightvnc-2.7.10\x64\debug\viewer-core\rfbsetpixelformatclientmessage.obj
c:\users\administrator\desktop\융캡\tightvnc-2.7.10\x64\debug\viewer-core\rfbsetencodingsclientmessage.obj
c:\users\administrator\desktop\융캡\tightvnc-2.7.10\x64\debug\viewer-core\rfbpointereventclientmessage.obj
c:\users\administrator\desktop\융캡\tightvnc-2.7.10\x64\debug\viewer-core\rfbkeyeventclientmessage.obj
c:\users\administrator\desktop\융캡\tightvnc-2.7.10\x64\debug\viewer-core\rfbframebufferupdaterequestclientmessage.obj
c:\users\administrator\desktop\융캡\tightvnc-2.7.10\x64\debug\viewer-core\rfbcuttexteventclientmessage.obj
c:\users\administrator\desktop\융캡\tightvnc-2.7.10\x64\debug\viewer-core\rfbclienttoservermessage.obj
c:\users\administrator\desktop\융캡\tightvnc-2.7.10\x64\debug\viewer-core\remoteviewercore.obj
c:\users\administrator\desktop\융캡\tightvnc-2.7.10\x64\debug\viewer-core\rawdecoder.obj
c:\users\administrator\desktop\융캡\tightvnc-2.7.10\x64\debug\viewer-core\pseudodecoder.obj
c:\users\administrator\desktop\융캡\tightvnc-2.7.10\x64\debug\viewer-core\lastrectdecoder.obj
c:\users\administrator\desktop\융캡\tightvnc-2.7.10\x64\debug\viewer-core\filetransfercapability.obj
c:\users\administrator\desktop\융캡\tightvnc-2.7.10\x64\debug\viewer-core\fbupdatenotifier.obj
c:\users\administrator\desktop\융캡\tightvnc-2.7.10\x64\debug\viewer-core\decoderofrectangle.obj
c:\users\administrator\desktop\융캡\tightvnc-2.7.10\x64\debug\viewer-core\cursorpainter.obj
c:\users\administrator\desktop\융캡\tightvnc-2.7.10\x64\debug\viewer-core\coreeventsadapter.obj
c:\users\administrator\desktop\융캡\tightvnc-2.7.10\x64\debug\viewer-core\capscontainer.obj
c:\users\administrator\desktop\융캡\tightvnc-2.7.10\x64\debug\viewer-core\capabilitiesmanager.obj
c:\users\administrator\desktop\융캡\tightvnc-2.7.10\x64\debug\viewer-core\authhandler.obj
c:\users\administrator\desktop\융캡\tightvnc-2.7.10\x64\debug\viewer-core\zrledecoder.obj
c:\users\administrator\desktop\융캡\tightvnc-2.7.10\x64\debug\viewer-core\vncauthenticationhandler.obj
c:\users\administrator\desktop\융캡\tightvnc-2.7.10\x64\debug\viewer-core\tightdecoder.obj
c:\users\administrator\desktop\융캡\tightvnc-2.7.10\x64\debug\viewer-core\rredecoder.obj
c:\users\administrator\desktop\융캡\tightvnc-2.7.10\x64\debug\viewer-core\richcursordecoder.obj
c:\users\administrator\desktop\융캡\tightvnc-2.7.10\x64\debug\viewer-core\pointerposdecoder.obj
c:\users\administrator\desktop\융캡\tightvnc-2.7.10\x64\debug\viewer-core\jpegqualitylevel.obj
c:\users\administrator\desktop\융캡\tightvnc-2.7.10\x64\debug\viewer-core\jpegdecompressor.obj
c:\users\administrator\desktop\융캡\tightvnc-2.7.10\x64\debug\viewer-core\hextiledecoder.obj
c:\users\administrator\desktop\융캡\tightvnc-2.7.10\x64\debug\viewer-core\desktopsizedecoder.obj
c:\users\administrator\desktop\융캡\tightvnc-2.7.10\x64\debug\viewer-core\decoderstore.obj
c:\users\administrator\desktop\융캡\tightvnc-2.7.10\x64\debug\viewer-core\decoder.obj
c:\users\administrator\desktop\융캡\tightvnc-2.7.10\x64\debug\viewer-core\copyrectdecoder.obj
c:\users\administrator\desktop\융캡\tightvnc-2.7.10\x64\debug\viewer-core\compressionlevel.obj
c:\users\administrator\desktop\융캡\tightvnc-2.7.10\x64\debug\viewer-core\vncauthentication.obj
c:\users\administrator\desktop\융캡\tightvnc-2.7.10\x64\debug\viewer-core.lib
c:\users\administrator\desktop\융캡\tightvnc-2.7.10\x64\debug\viewer-core\viewer-core.tlog\cl.command.1.tlog
c:\users\administrator\desktop\융캡\tightvnc-2.7.10\x64\debug\viewer-core\viewer-core.tlog\cl.read.1.tlog
c:\users\administrator\desktop\융캡\tightvnc-2.7.10\x64\debug\viewer-core\viewer-core.tlog\cl.write.1.tlog
c:\users\administrator\desktop\융캡\tightvnc-2.7.10\x64\debug\viewer-core\viewer-core.tlog\lib-link.read.1.tlog
c:\users\administrator\desktop\융캡\tightvnc-2.7.10\x64\debug\viewer-core\viewer-core.tlog\lib-link.write.1.tlog
c:\users\administrator\desktop\융캡\tightvnc-2.7.10\x64\debug\viewer-core\viewer-core.tlog\lib.command.1.tlog
