빌드 시작: 2015-06-15 오전 12:46:53
     1>5 노드의 "C:\Users\Administrator\Desktop\융캡\tightvnc-2.7.10\network\network.vcxproj" 프로젝트(Rebuild 대상)입니다.
     1>ClCompile:
         C:\Program Files (x86)\Microsoft Visual Studio 12.0\VC\bin\x86_amd64\CL.exe /c /I. /I.. /Zi /nologo /W3 /WX- /Od /D WIN32 /D _DEBUG /D _LIB /D _UNICODE /D UNICODE /Gm /EHsc /RTC1 /MTd /GS /fp:precise /Zc:wchar_t /Zc:forScope /Fo"C:\Users\Administrator\Desktop\융캡\tightvnc-2.7.10\x64\Debug\network\\" /Fd"C:\Users\Administrator\Desktop\융캡\tightvnc-2.7.10\x64\Debug\network\vc120.pdb" /Gd /TP /FC /errorReport:prompt socket\SocketAddressIPv4.cpp socket\SocketException.cpp socket\SocketIPv4.cpp socket\SocketStream.cpp socket\WindowsSocket.cpp RfbInputGate.cpp RfbOutputGate.cpp TcpClientThread.cpp TcpServer.cpp
         TcpServer.cpp
         TcpClientThread.cpp
         RfbOutputGate.cpp
         RfbInputGate.cpp
         WindowsSocket.cpp
         SocketStream.cpp
         SocketIPv4.cpp
         SocketException.cpp
         SocketAddressIPv4.cpp
     1>c:\users\administrator\desktop\융캡\tightvnc-2.7.10\network\socket\socketaddressipv4.cpp(44): warning C4996: 'strncpy': This function or variable may be unsafe. Consider using strncpy_s instead. To disable deprecation, use _CRT_SECURE_NO_WARNINGS. See online help for details.
                 c:\program files (x86)\microsoft visual studio 12.0\vc\include\string.h(195) : 'strncpy' 선언을 참조하십시오.
     1>c:\users\administrator\desktop\융캡\tightvnc-2.7.10\network\socket\socketaddressipv4.cpp(50): warning C4996: 'strncpy': This function or variable may be unsafe. Consider using strncpy_s instead. To disable deprecation, use _CRT_SECURE_NO_WARNINGS. See online help for details.
                 c:\program files (x86)\microsoft visual studio 12.0\vc\include\string.h(195) : 'strncpy' 선언을 참조하십시오.
     1>c:\users\administrator\desktop\융캡\tightvnc-2.7.10\network\socket\socketaddressipv4.cpp(58): warning C4996: 'sprintf': This function or variable may be unsafe. Consider using sprintf_s instead. To disable deprecation, use _CRT_SECURE_NO_WARNINGS. See online help for details.
                 c:\program files (x86)\microsoft visual studio 12.0\vc\include\stdio.h(356) : 'sprintf' 선언을 참조하십시오.
     1>c:\users\administrator\desktop\융캡\tightvnc-2.7.10\network\socket\socketaddressipv4.cpp(59): warning C4996: 'strncat': This function or variable may be unsafe. Consider using strncat_s instead. To disable deprecation, use _CRT_SECURE_NO_WARNINGS. See online help for details.
                 c:\program files (x86)\microsoft visual studio 12.0\vc\include\string.h(186) : 'strncat' 선언을 참조하십시오.
     1>c:\users\administrator\desktop\융캡\tightvnc-2.7.10\network\socket\socketaddressipv4.cpp(63): warning C4996: 'strncat': This function or variable may be unsafe. Consider using strncat_s instead. To disable deprecation, use _CRT_SECURE_NO_WARNINGS. See online help for details.
                 c:\program files (x86)\microsoft visual studio 12.0\vc\include\string.h(186) : 'strncat' 선언을 참조하십시오.
         코드를 생성하고 있습니다...
       Lib:
         C:\Program Files (x86)\Microsoft Visual Studio 12.0\VC\bin\x86_amd64\Lib.exe /OUT:"C:\Users\Administrator\Desktop\융캡\tightvnc-2.7.10\x64\Debug\network.lib" Ws2_32.lib /NOLOGO /MACHINE:X64 "C:\Users\Administrator\Desktop\융캡\tightvnc-2.7.10\x64\Debug\network\SocketAddressIPv4.obj"
         "C:\Users\Administrator\Desktop\융캡\tightvnc-2.7.10\x64\Debug\network\SocketException.obj"
         "C:\Users\Administrator\Desktop\융캡\tightvnc-2.7.10\x64\Debug\network\SocketIPv4.obj"
         "C:\Users\Administrator\Desktop\융캡\tightvnc-2.7.10\x64\Debug\network\SocketStream.obj"
         "C:\Users\Administrator\Desktop\융캡\tightvnc-2.7.10\x64\Debug\network\WindowsSocket.obj"
         "C:\Users\Administrator\Desktop\융캡\tightvnc-2.7.10\x64\Debug\network\RfbInputGate.obj"
         "C:\Users\Administrator\Desktop\융캡\tightvnc-2.7.10\x64\Debug\network\RfbOutputGate.obj"
         "C:\Users\Administrator\Desktop\융캡\tightvnc-2.7.10\x64\Debug\network\TcpClientThread.obj"
         "C:\Users\Administrator\Desktop\융캡\tightvnc-2.7.10\x64\Debug\network\TcpServer.obj"
         network.vcxproj -> C:\Users\Administrator\Desktop\융캡\tightvnc-2.7.10\x64\Debug\network.lib
     1>"C:\Users\Administrator\Desktop\융캡\tightvnc-2.7.10\network\network.vcxproj" 프로젝트를 빌드했습니다(Rebuild 대상).

빌드했습니다.

경과 시간: 00:00:13.62
