e:\main\공개sw개발자대회\0_code\tightvnc-2.7.10\x64\debug\tvnserver-app\vc120.pdb
e:\main\공개sw개발자대회\0_code\tightvnc-2.7.10\x64\debug\tvnserver-app\vc120.idb
e:\main\공개sw개발자대회\0_code\tightvnc-2.7.10\x64\debug\tvnserver-app\extrarfbservers.obj
e:\main\공개sw개발자대회\0_code\tightvnc-2.7.10\x64\debug\tvnserver-app\namingdefs.obj
e:\main\공개sw개발자대회\0_code\tightvnc-2.7.10\x64\debug\tvnserver-app\outgoingrfbconnectionthread.obj
e:\main\공개sw개발자대회\0_code\tightvnc-2.7.10\x64\debug\tvnserver-app\queryconnectionapplication.obj
e:\main\공개sw개발자대회\0_code\tightvnc-2.7.10\x64\debug\tvnserver-app\queryconnectioncommandline.obj
e:\main\공개sw개발자대회\0_code\tightvnc-2.7.10\x64\debug\tvnserver-app\queryconnectiondialog.obj
e:\main\공개sw개발자대회\0_code\tightvnc-2.7.10\x64\debug\tvnserver-app\rfbclientmanager.obj
e:\main\공개sw개발자대회\0_code\tightvnc-2.7.10\x64\debug\tvnserver-app\rfbclientmanagereventlistener.obj
e:\main\공개sw개발자대회\0_code\tightvnc-2.7.10\x64\debug\tvnserver-app\rfbserver.obj
e:\main\공개sw개발자대회\0_code\tightvnc-2.7.10\x64\debug\tvnserver-app\servercommandline.obj
e:\main\공개sw개발자대회\0_code\tightvnc-2.7.10\x64\debug\tvnserver-app\servicecontrolapplication.obj
e:\main\공개sw개발자대회\0_code\tightvnc-2.7.10\x64\debug\tvnserver-app\servicecontrolcommandline.obj
e:\main\공개sw개발자대회\0_code\tightvnc-2.7.10\x64\debug\tvnserver-app\sessionchangeswatcher.obj
e:\main\공개sw개발자대회\0_code\tightvnc-2.7.10\x64\debug\tvnserver-app\tvnserver.obj
e:\main\공개sw개발자대회\0_code\tightvnc-2.7.10\x64\debug\tvnserver-app\tvnserverapplication.obj
e:\main\공개sw개발자대회\0_code\tightvnc-2.7.10\x64\debug\tvnserver-app\tvnserverhelp.obj
e:\main\공개sw개발자대회\0_code\tightvnc-2.7.10\x64\debug\tvnserver-app\tvnserverlistener.obj
e:\main\공개sw개발자대회\0_code\tightvnc-2.7.10\x64\debug\tvnserver-app\tvnservice.obj
e:\main\공개sw개발자대회\0_code\tightvnc-2.7.10\x64\debug\tvnserver-app\wineventlogwriter.obj
e:\main\공개sw개발자대회\0_code\tightvnc-2.7.10\x64\debug\tvnserver-app\wsconfigrunner.obj
e:\main\공개sw개발자대회\0_code\tightvnc-2.7.10\x64\debug\tvnserver-app\additionalactionapplication.obj
e:\main\공개sw개발자대회\0_code\tightvnc-2.7.10\x64\debug\tvnserver-app\authtracker.obj
e:\main\공개sw개발자대회\0_code\tightvnc-2.7.10\x64\debug\tvnserver-app\connecttotcpdispatcherthread.obj
e:\main\공개sw개발자대회\0_code\tightvnc-2.7.10\x64\debug\tvnserver-app\controlappauthenticator.obj
e:\main\공개sw개발자대회\0_code\tightvnc-2.7.10\x64\debug\tvnserver-app\controlclient.obj
e:\main\공개sw개발자대회\0_code\tightvnc-2.7.10\x64\debug\tvnserver-app\controlserver.obj
e:\main\공개sw개발자대회\0_code\tightvnc-2.7.10\x64\debug\tvnserver-app\crashhook.obj
e:\main\공개sw개발자대회\0_code\tightvnc-2.7.10\x64\debug\tvnserver-app\desktopserverapplication.obj
e:\main\공개sw개발자대회\0_code\tightvnc-2.7.10\x64\debug\tvnserver-app\desktopservercommandline.obj
e:\main\공개sw개발자대회\0_code\tightvnc-2.7.10\x64\debug\tvnserver-app.lib
e:\main\공개sw개발자대회\0_code\tightvnc-2.7.10\x64\debug\tvnserver-app\tvnserver-app.tlog\cl.read.1.tlog
e:\main\공개sw개발자대회\0_code\tightvnc-2.7.10\x64\debug\tvnserver-app\tvnserver-app.tlog\cl.write.1.tlog
e:\main\공개sw개발자대회\0_code\tightvnc-2.7.10\x64\debug\tvnserver-app\tvnserver-app.tlog\cl.command.1.tlog
e:\main\공개sw개발자대회\0_code\tightvnc-2.7.10\x64\debug\tvnserver-app\tvnserver-app.tlog\lib-link.read.1.tlog
e:\main\공개sw개발자대회\0_code\tightvnc-2.7.10\x64\debug\tvnserver-app\tvnserver-app.tlog\lib-link.write.1.tlog
e:\main\공개sw개발자대회\0_code\tightvnc-2.7.10\x64\debug\tvnserver-app\tvnserver-app.tlog\lib.command.1.tlog
