e:\main\공개sw개발자대회\0_code\tightvnc-2.7.10\x64\debug\desktop-ipc\vc120.pdb
e:\main\공개sw개발자대회\0_code\tightvnc-2.7.10\x64\debug\desktop-ipc\vc120.idb
e:\main\공개sw개발자대회\0_code\tightvnc-2.7.10\x64\debug\desktop-ipc\blockinggate.obj
e:\main\공개sw개발자대회\0_code\tightvnc-2.7.10\x64\debug\desktop-ipc\blockinginputgate.obj
e:\main\공개sw개발자대회\0_code\tightvnc-2.7.10\x64\debug\desktop-ipc\blockingoutputgate.obj
e:\main\공개sw개발자대회\0_code\tightvnc-2.7.10\x64\debug\desktop-ipc\clientlistener.obj
e:\main\공개sw개발자대회\0_code\tightvnc-2.7.10\x64\debug\desktop-ipc\configserver.obj
e:\main\공개sw개발자대회\0_code\tightvnc-2.7.10\x64\debug\desktop-ipc\desktopconfigclient.obj
e:\main\공개sw개발자대회\0_code\tightvnc-2.7.10\x64\debug\desktop-ipc\desktopserverproto.obj
e:\main\공개sw개발자대회\0_code\tightvnc-2.7.10\x64\debug\desktop-ipc\desktopsrvdispatcher.obj
e:\main\공개sw개발자대회\0_code\tightvnc-2.7.10\x64\debug\desktop-ipc\gatekicker.obj
e:\main\공개sw개발자대회\0_code\tightvnc-2.7.10\x64\debug\desktop-ipc\gatekickhandler.obj
e:\main\공개sw개발자대회\0_code\tightvnc-2.7.10\x64\debug\desktop-ipc\reconnectexception.obj
e:\main\공개sw개발자대회\0_code\tightvnc-2.7.10\x64\debug\desktop-ipc\reconnectingchannel.obj
e:\main\공개sw개발자대회\0_code\tightvnc-2.7.10\x64\debug\desktop-ipc\updatehandlerclient.obj
e:\main\공개sw개발자대회\0_code\tightvnc-2.7.10\x64\debug\desktop-ipc\updatehandlerserver.obj
e:\main\공개sw개발자대회\0_code\tightvnc-2.7.10\x64\debug\desktop-ipc\userinputclient.obj
e:\main\공개sw개발자대회\0_code\tightvnc-2.7.10\x64\debug\desktop-ipc\userinputserver.obj
e:\main\공개sw개발자대회\0_code\tightvnc-2.7.10\x64\debug\desktop-ipc.lib
e:\main\공개sw개발자대회\0_code\tightvnc-2.7.10\x64\debug\desktop-ipc\desktop-ipc.tlog\cl.read.1.tlog
e:\main\공개sw개발자대회\0_code\tightvnc-2.7.10\x64\debug\desktop-ipc\desktop-ipc.tlog\cl.write.1.tlog
e:\main\공개sw개발자대회\0_code\tightvnc-2.7.10\x64\debug\desktop-ipc\desktop-ipc.tlog\cl.command.1.tlog
e:\main\공개sw개발자대회\0_code\tightvnc-2.7.10\x64\debug\desktop-ipc\desktop-ipc.tlog\lib-link.read.1.tlog
e:\main\공개sw개발자대회\0_code\tightvnc-2.7.10\x64\debug\desktop-ipc\desktop-ipc.tlog\lib-link.write.1.tlog
e:\main\공개sw개발자대회\0_code\tightvnc-2.7.10\x64\debug\desktop-ipc\desktop-ipc.tlog\lib.command.1.tlog
