c:\users\administrator\desktop\융캡\tightvnc-2.7.10\x64\debug\zlib\vc120.pdb
c:\users\administrator\desktop\융캡\tightvnc-2.7.10\x64\debug\zlib\vc120.idb
c:\users\administrator\desktop\융캡\tightvnc-2.7.10\x64\debug\zlib\adler32.obj
c:\users\administrator\desktop\융캡\tightvnc-2.7.10\x64\debug\zlib\compress.obj
c:\users\administrator\desktop\융캡\tightvnc-2.7.10\x64\debug\zlib\crc32.obj
c:\users\administrator\desktop\융캡\tightvnc-2.7.10\x64\debug\zlib\deflate.obj
c:\users\administrator\desktop\융캡\tightvnc-2.7.10\x64\debug\zlib\gzlib.obj
c:\users\administrator\desktop\융캡\tightvnc-2.7.10\x64\debug\zlib\infback.obj
c:\users\administrator\desktop\융캡\tightvnc-2.7.10\x64\debug\zlib\inffast.obj
c:\users\administrator\desktop\융캡\tightvnc-2.7.10\x64\debug\zlib\inflate.obj
c:\users\administrator\desktop\융캡\tightvnc-2.7.10\x64\debug\zlib\inftrees.obj
c:\users\administrator\desktop\융캡\tightvnc-2.7.10\x64\debug\zlib\trees.obj
c:\users\administrator\desktop\융캡\tightvnc-2.7.10\x64\debug\zlib\uncompr.obj
c:\users\administrator\desktop\융캡\tightvnc-2.7.10\x64\debug\zlib\zutil.obj
c:\users\administrator\desktop\융캡\tightvnc-2.7.10\x64\debug\zlib.lib
c:\users\administrator\desktop\융캡\tightvnc-2.7.10\x64\debug\zlib\zlib.tlog\cl.command.1.tlog
c:\users\administrator\desktop\융캡\tightvnc-2.7.10\x64\debug\zlib\zlib.tlog\cl.read.1.tlog
c:\users\administrator\desktop\융캡\tightvnc-2.7.10\x64\debug\zlib\zlib.tlog\cl.write.1.tlog
c:\users\administrator\desktop\융캡\tightvnc-2.7.10\x64\debug\zlib\zlib.tlog\lib-link.read.1.tlog
c:\users\administrator\desktop\융캡\tightvnc-2.7.10\x64\debug\zlib\zlib.tlog\lib-link.write.1.tlog
c:\users\administrator\desktop\융캡\tightvnc-2.7.10\x64\debug\zlib\zlib.tlog\lib.command.1.tlog
