빌드 시작: 2015-09-22 오후 6:10:07
     1>3 노드의 "E:\Main\공개SW개발자대회\0_code\tightvnc-2.7.10\http-server-lib\http-server-lib.vcxproj" 프로젝트(Rebuild 대상)입니다.
     1>ClCompile:
         C:\Program Files (x86)\Microsoft Visual Studio 12.0\VC\bin\CL.exe /c /I. /I.. /ZI /nologo /W3 /WX- /Od /Oy- /D WIN32 /D _DEBUG /D _LIB /D _UNICODE /D UNICODE /Gm /EHsc /RTC1 /MTd /GS /fp:precise /Zc:wchar_t /Zc:forScope /Fo"E:\Main\공개SW개발자대회\0_code\tightvnc-2.7.10\Debug\http-server-lib\\" /Fd"E:\Main\공개SW개발자대회\0_code\tightvnc-2.7.10\Debug\http-server-lib\vc120.pdb" /Gd /TP /analyze- /errorReport:prompt AppletParameter.cpp ArgList.cpp HttpClient.cpp HttpReply.cpp HttpRequest.cpp HttpRequestHandler.cpp HttpServer.cpp
         HttpServer.cpp
         HttpRequestHandler.cpp
         HttpRequest.cpp
     1>e:\main\공개sw개발자대회\0_code\tightvnc-2.7.10\http-server-lib\httprequest.cpp(97): warning C4996: 'sscanf': This function or variable may be unsafe. Consider using sscanf_s instead. To disable deprecation, use _CRT_SECURE_NO_WARNINGS. See online help for details.
                 c:\program files (x86)\microsoft visual studio 12.0\vc\include\stdio.h(304) : 'sscanf' 선언을 참조하십시오.
         HttpReply.cpp
         HttpClient.cpp
         ArgList.cpp
         AppletParameter.cpp
         코드를 생성하고 있습니다...
       Lib:
         C:\Program Files (x86)\Microsoft Visual Studio 12.0\VC\bin\Lib.exe /OUT:"E:\Main\공개SW개발자대회\0_code\tightvnc-2.7.10\Debug\http-server-lib.lib" /NOLOGO "E:\Main\공개SW개발자대회\0_code\tightvnc-2.7.10\Debug\http-server-lib\AppletParameter.obj"
         "E:\Main\공개SW개발자대회\0_code\tightvnc-2.7.10\Debug\http-server-lib\ArgList.obj"
         "E:\Main\공개SW개발자대회\0_code\tightvnc-2.7.10\Debug\http-server-lib\HttpClient.obj"
         "E:\Main\공개SW개발자대회\0_code\tightvnc-2.7.10\Debug\http-server-lib\HttpReply.obj"
         "E:\Main\공개SW개발자대회\0_code\tightvnc-2.7.10\Debug\http-server-lib\HttpRequest.obj"
         "E:\Main\공개SW개발자대회\0_code\tightvnc-2.7.10\Debug\http-server-lib\HttpRequestHandler.obj"
         "E:\Main\공개SW개발자대회\0_code\tightvnc-2.7.10\Debug\http-server-lib\HttpServer.obj"
         http-server-lib.vcxproj -> E:\Main\공개SW개발자대회\0_code\tightvnc-2.7.10\Debug\http-server-lib.lib
     1>"E:\Main\공개SW개발자대회\0_code\tightvnc-2.7.10\http-server-lib\http-server-lib.vcxproj" 프로젝트를 빌드했습니다(Rebuild 대상).

빌드했습니다.

경과 시간: 00:00:26.22
